PRT2
299
239
590
4 0 101 (496 1976 1264 ) (496 1976 1280 ) (-496 1976 1280 ) (-496 1976 1264 ) 
3 1 112 (-135.64000000000013 1976 892.9200000000002 ) (-162.09523809523853 1976 880 ) (-100.5714285714285 1976 880 ) 
5 1 111 (-58.285714285714306 1976 896 ) (-129.3333333333337 1976 896 ) (-135.64000000000013 1976 892.9200000000002 ) (-100.5714285714285 1976 880 ) (-22.69387755101957 1976 880 ) 
4 1 110 (-129.3333333333337 1976 896 ) (-288 1976 896 ) (-315.42857142857173 1976 880 ) (-162.09523809523853 1976 880 ) 
4 1 108 (-288 1976 896 ) (-311.33333333333303 1976 896 ) (-336.66666666666646 1976 880 ) (-315.42857142857173 1976 880 ) 
4 1 107 (189.333333333333 1976 896 ) (-58.285714285714306 1976 896 ) (-22.69387755101957 1976 880 ) (222.09523809523762 1976 880 ) 
4 1 106 (-311.33333333333303 1976 896 ) (-320.8275862068965 1976 896 ) (-345.103448275862 1976 880 ) (-336.66666666666646 1976 880 ) 
4 1 105 (390.95652173913027 1976 896 ) (189.333333333333 1976 896 ) (222.09523809523762 1976 880 ) (412.81987577639734 1976 880 ) 
4 1 104 (-320.8275862068965 1976 896 ) (-496 1976 896 ) (-496 1976 880 ) (-345.103448275862 1976 880 ) 
4 1 103 (496 1976 880 ) (496 1976 896 ) (390.95652173913027 1976 896 ) (412.81987577639734 1976 880 ) 
4 1 102 (496 1976 896 ) (496 1976 1264 ) (-496 1976 1264 ) (-496 1976 896 ) 
3 1 45 (-392 2192 880 ) (-365.71428571428567 2218.285714285714 880 ) (-346 2215 880 ) 
4 1 44 (-182.40000000000015 1976 880 ) (-244.80000000000004 1976 880 ) (-328 2080 880 ) (-263 2177.5 880 ) 
4 1 43 (-244.80000000000004 1976 880 ) (-496 1976 880 ) (-496 2088 880 ) (-406.2222222222223 2177.777777777778 880 ) 
4 1 42 (176 1976 880 ) (-182.40000000000015 1976 880 ) (-273.1428571428571 2202.8571428571427 880 ) (176 2128 880 ) 
3 1 46 (-496 2088 880 ) (-496 2240 880 ) (-365.71428571428567 2218.285714285714 880 ) 
3 1 36 (-256 2544 880 ) (-162.36065573770475 2570.7540983606555 880 ) (-112 2512 880 ) 
4 1 37 (60.80000000000008 2310.4 880 ) (-57.142857142857466 2251.428571428571 880 ) (-288.39024390243924 2338.1463414634145 880 ) (-39.24999999999963 2427.1249999999995 880 ) 
3 1 31 (144 2352 880 ) (122.18181818181816 2344.7272727272725 880 ) (96 2384 880 ) 
3 1 32 (122.18181818181816 2344.7272727272725 880 ) (84 2332 880 ) (64 2432 880 ) 
3 1 33 (144 2352 880 ) (85.81818181818181 2322.909090909091 880 ) (84 2332 880 ) 
3 1 34 (64 2432 880 ) (41.142857142857196 2546.285714285714 880 ) (96 2528 880 ) 
3 1 28 (41.142857142857196 2546.285714285714 880 ) (39.11111111111116 2556.4444444444443 880 ) (96 2528 880 ) 
5 1 35 (85.81818181818181 2322.909090909091 880 ) (60.80000000000008 2310.4 880 ) (-162.36065573770475 2570.7540983606555 880 ) (-52.36363636363613 2602.181818181818 880 ) (39.11111111111116 2556.4444444444443 880 ) 
4 1 27 (24 2624 880 ) (128 2624 880 ) (160 2496 880 ) (-52.36363636363613 2602.181818181818 880 ) 
3 1 38 (144 2352 880 ) (69.89473684210529 2203.78947368421 880 ) (-57.142857142857466 2251.428571428571 880 ) 
3 1 26 (-323.2000000000004 2624 880 ) (24 2624 880 ) (-368 2512 880 ) 
3 1 25 (160 2384 880 ) (96.59259259259245 2193.7777777777774 880 ) (69.89473684210529 2203.78947368421 880 ) 
4 1 39 (96.59259259259245 2193.7777777777774 880 ) (80 2144 880 ) (-286.54545454545456 2205.090909090909 880 ) (-368 2368 880 ) 
3 1 24 (176 2432 880 ) (176 2128 880 ) (80 2144 880 ) 
3 1 40 (-286.54545454545456 2205.090909090909 880 ) (-478 2237 880 ) (-400 2432 880 ) 
3 1 23 (128 2624 880 ) (176 2624 880 ) (176 2432 880 ) 
4 1 41 (-496 2240 880 ) (-496 2624 880 ) (-323.2000000000004 2624 880 ) (-478 2237 880 ) 
4 1 2 (496 1976 880 ) (176 1976 880 ) (176 2624 880 ) (496 2624 880 ) 
4 2 107 (222.0952380952378 1976 880 ) (176 1976 880 ) (176 1976 864 ) (254.85714285714238 1976 864 ) 
4 2 105 (412.8198757763973 1976 880 ) (222.0952380952378 1976 880 ) (254.85714285714238 1976 864 ) (434.6832298136643 1976 864 ) 
4 2 103 (496 1976 864 ) (496 1976 880 ) (412.8198757763973 1976 880 ) (434.6832298136643 1976 864 ) 
4 2 42 (176 2140 864 ) (176 1976 864 ) (176 1976 880 ) (176 2128 880 ) 
4 2 24 (176 2421.3333333333335 864 ) (176 2140 864 ) (176 2128 880 ) (176 2432 880 ) 
4 2 23 (176 2624 880 ) (176 2624 864 ) (176 2442.6666666666674 864 ) (176 2432 880 ) 
3 2 14 (304 2184 864 ) (352 2200 864 ) (400 2168 864 ) 
3 2 13 (256 2168 864 ) (313.60000000000025 2225.6 864 ) (352 2200 864 ) 
3 2 16 (394.6666666666665 1976 864 ) (352 1976 864 ) (400 2008 864 ) 
3 2 17 (352 1976 864 ) (263.111111111111 1976 864 ) (256 2008 864 ) 
3 2 12 (313.60000000000025 2225.6 864 ) (328 2240 864 ) (400 2168 864 ) 
3 2 18 (256 2168 864 ) (284.7999999999998 2283.2 864 ) (328 2240 864 ) 
3 2 11 (448 1976 864 ) (394.6666666666665 1976 864 ) (416 2104 864 ) 
4 2 19 (240 2104 864 ) (197.7142857142856 2357.7142857142862 864 ) (204 2364 864 ) (284.7999999999998 2283.2 864 ) 
3 2 10 (464 1976 864 ) (448 1976 864 ) (400 2168 864 ) 
3 2 20 (263.111111111111 1976 864 ) (261.33333333333337 1976 864 ) (256 2008 864 ) 
4 2 9 (496 2072 864 ) (496 1976 864 ) (464 1976 864 ) (400 2168 864 ) 
4 2 21 (261.33333333333337 1976 864 ) (176 1976 864 ) (176 2336 864 ) (197.7142857142856 2357.7142857142862 864 ) 
3 2 6 (448 2320 864 ) (416 2224 864 ) (384 2256 864 ) 
3 2 5 (368 2528 864 ) (405.33333333333314 2565.333333333334 864 ) (448 2480 864 ) 
5 2 4 (464 2624 864 ) (496 2624 864 ) (496 2464 864 ) (480 2416 864 ) (405.33333333333314 2565.333333333334 864 ) 
4 2 7 (416 2224 864 ) (398 2170 864 ) (374 2194 864 ) (320 2320 864 ) 
3 2 3 (496 2464 864 ) (496 2072 864 ) (398 2170 864 ) 
3 2 8 (374 2194 864 ) (204 2364 864 ) (272 2432 864 ) 
3 2 22 (176 2624 864 ) (464 2624 864 ) (176 2336 864 ) 
3 3 55 (409.60000000000093 2158.3999999999983 848 ) (398 2170 848 ) (401.86666666666684 2181.600000000001 848 ) 
5 3 53 (436.1142857142855 2131.8857142857137 848 ) (409.60000000000093 2158.3999999999983 848 ) (401.86666666666684 2181.600000000001 848 ) (416 2224 848 ) (446.3999999999998 2193.6 848 ) 
3 3 48 (416 2224 848 ) (486.93333333333294 2436.799999999999 848 ) (446.3999999999998 2193.6 848 ) 
4 3 47 (496 2464 848 ) (496 2072 848 ) (436.1142857142855 2131.8857142857137 848 ) (486.93333333333294 2436.799999999999 848 ) 
4 3 12 (398 2170 848 ) (400 2168 848 ) (400 2168 864 ) (398 2170 864 ) 
4 3 9 (409.60000000000036 2158.3999999999996 848 ) (496 2072 848 ) (496 2072 864 ) (400 2168 864 ) 
4 3 6 (448 2320 848 ) (416 2224 848 ) (416 2224 864 ) (448 2320 864 ) 
4 3 4 (496 2464 848 ) (480 2416 848 ) (480 2416 864 ) (496 2464 864 ) 
4 3 7 (416 2224 848 ) (398 2170 848 ) (398 2170 864 ) (416 2224 864 ) 
6 4 49 (464 2624 848 ) (496 2624 848 ) (496 2491.200000000001 848 ) (486.9333333333329 2436.799999999999 848 ) (480 2416 848 ) (405.33333333333314 2565.333333333334 848 ) 
3 4 47 (496 2491.200000000001 848 ) (496 2464 848 ) (486.9333333333329 2436.799999999999 848 ) 
4 4 5 (405.33333333333314 2565.3333333333335 848 ) (448 2480 848 ) (448 2480 864 ) (405.33333333333314 2565.333333333334 864 ) 
4 4 22 (464 2624 864 ) (464 2624 848 ) (405.3333333333346 2565.3333333333308 848 ) (405.3333333333346 2565.3333333333308 864 ) 
3 5 50 (368 2528 848 ) (405.33333333333314 2565.333333333334 848 ) (448 2480 848 ) 
4 5 22 (405.3333333333346 2565.3333333333308 848 ) (368 2528 848 ) (368 2528 864 ) (405.3333333333346 2565.3333333333308 864 ) 
3 6 51 (448 2320 848 ) (416 2224 848 ) (384 2256 848 ) 
4 6 7 (384 2256 848 ) (416 2224 848 ) (416 2224 864 ) (384 2256 864 ) 
5 7 55 (401.86666666666684 2181.600000000001 848 ) (398 2170 848 ) (374 2194 848 ) (320 2320 848 ) (373.6000000000005 2266.3999999999996 848 ) 
3 7 53 (416 2224 848 ) (401.86666666666684 2181.600000000001 848 ) (373.6000000000005 2266.3999999999996 848 ) 
4 7 12 (374 2194 848 ) (398 2170 848 ) (398 2170 864 ) (374 2194 864 ) 
4 7 8 (320 2320 848 ) (374 2194 848 ) (374 2194 864 ) (320 2320 864 ) 
4 8 55 (374 2194 848 ) (204 2364 848 ) (240 2400 848 ) (320 2320 848 ) 
3 8 52 (240 2400 848 ) (272 2432 848 ) (320 2320 848 ) 
4 8 12 (326.40000000000015 2241.6 848 ) (374 2194 848 ) (374 2194 864 ) (328 2240 864 ) 
4 8 18 (280.3199999999999 2287.6800000000003 848 ) (326.40000000000015 2241.6 848 ) (328 2240 864 ) (284.79999999999995 2283.2000000000003 864 ) 
4 8 19 (204 2364 848 ) (280.3199999999999 2287.6800000000003 848 ) (284.79999999999995 2283.2000000000003 864 ) (204 2364 864 ) 
4 8 22 (272 2432 848 ) (204 2364 848 ) (204 2364 864 ) (272 2432 864 ) 
4 9 103 (496 1976 848 ) (496 1976 864 ) (464 1976 864 ) (470.4000000000004 1976 848 ) 
3 9 53 (430.22222222222223 2096.5333333333347 848 ) (409.60000000000093 2158.3999999999983 848 ) (436.1142857142854 2131.8857142857137 848 ) 
5 9 47 (496 2072 848 ) (496 1976 848 ) (470.4000000000004 1976 848 ) (430.22222222222223 2096.5333333333347 848 ) (436.1142857142854 2131.8857142857137 848 ) 
4 9 10 (416 2139.2000000000157 848 ) (470.40000000000146 1976 848 ) (464 1976 864 ) (400 2168 864 ) 
4 10 103 (464 1976 864 ) (448 1976 864 ) (456.79999999999984 1976 848 ) (470.4000000000004 1976 848 ) 
3 10 54 (428.7999999999998 2088 848 ) (416 2139.200000000006 848 ) (430.2222222222222 2096.5333333333347 848 ) 
4 10 47 (470.4000000000004 1976 848 ) (456.7999999999998 1976 848 ) (428.7999999999998 2088 848 ) (430.2222222222222 2096.5333333333347 848 ) 
4 10 11 (428.79999999999916 2088 848 ) (456.79999999999814 1976 848 ) (448 1976 864 ) (416 2104 864 ) 
4 11 105 (434.68322981366435 1976 864 ) (394.6666666666665 1976 864 ) (410.1333333333331 1976 848 ) (456.5465838509316 1976 848 ) 
4 11 103 (448 1976 864 ) (434.68322981366435 1976 864 ) (456.5465838509316 1976 848 ) (456.79999999999984 1976 848 ) 
3 11 47 (456.7999999999998 1976 848 ) (410.1333333333331 1976 848 ) (428.7999999999998 2088 848 ) 
4 11 16 (416 2011.2000000000016 848 ) (410.1333333333348 1976 848 ) (394.66666666666606 1976 864 ) (400 2008 864 ) 
3 12 56 (311.6800000000002 2226.88 848 ) (326.3999999999997 2241.5999999999995 848 ) (400 2168 848 ) 
4 12 14 (342.4000000000007 2206.3999999999996 848 ) (380.8000000000006 2180.7999999999997 848 ) (400 2168 864 ) (352 2200 864 ) 
4 12 13 (311.6800000000002 2226.88 848 ) (342.4000000000007 2206.3999999999996 848 ) (352 2200 864 ) (313.6000000000017 2225.599999999999 864 ) 
4 12 18 (313.5999999999976 2225.6000000000017 864 ) (328 2240 864 ) (326.39999999999776 2241.6000000000017 848 ) (311.6799999999978 2226.880000000002 848 ) 
3 13 57 (265.59999999999934 2180.7999999999993 848 ) (311.6800000000002 2226.88 848 ) (342.40000000000083 2206.3999999999996 848 ) 
4 13 14 (304 2193.6000000000013 848 ) (342.3999999999956 2206.4000000000033 848 ) (352 2200 864 ) (304 2184 864 ) 
4 13 18 (256 2168 864 ) (313.5999999999976 2225.6000000000017 864 ) (311.6799999999978 2226.880000000002 848 ) (265.59999999999263 2180.7999999999965 848 ) 
3 14 58 (304 2193.5999999999995 848 ) (342.40000000000083 2206.3999999999996 848 ) (380.80000000000115 2180.7999999999993 848 ) 
3 15 105 (352 1976 864 ) (358.40000000000003 1976 848 ) (363.1999999999993 1976 848 ) 
3 15 59 (363.1999999999993 1976 848 ) (358.40000000000003 1976 848 ) (377.59999999999746 1985.5999999999988 848 ) 
3 15 16 (363.1999999999971 1976 848 ) (377.599999999995 1985.5999999999976 848 ) (352 1976 864 ) 
4 16 105 (394.6666666666665 1976 864 ) (352 1976 864 ) (363.1999999999993 1976 848 ) (410.1333333333331 1976 848 ) 
3 16 61 (410.1333333333331 1976 848 ) (363.1999999999993 1976 848 ) (416 2011.2000000000003 848 ) 
3 17 107 (263.111111111111 1976 859.968992248062 ) (263.111111111111 1976 848 ) (287.6190476190472 1976 848 ) 
5 17 105 (352 1976 864 ) (263.111111111111 1976 864 ) (263.111111111111 1976 859.968992248062 ) (287.6190476190472 1976 848 ) (352 1976 848 ) 
3 17 60 (352 1976 848 ) (263.111111111111 1976 848 ) (256 2008 848 ) 
4 17 20 (263.11111111111313 1976 848 ) (263.11111111111313 1976 864 ) (256 2008 864 ) (256 2008 848 ) 
3 18 62 (249.59999999999974 2164.7999999999997 848 ) (271.77142857142854 2253.4857142857145 848 ) (311.68000000000023 2226.88 848 ) 
4 18 56 (271.77142857142854 2253.4857142857145 848 ) (280.31999999999977 2287.6799999999994 848 ) (326.3999999999997 2241.5999999999995 848 ) (311.68000000000023 2226.88 848 ) 
4 18 19 (284.7999999999974 2283.2000000000025 864 ) (280.31999999999744 2287.6800000000026 848 ) (249.59999999999735 2164.799999999997 848 ) (256 2168 864 ) 
4 19 63 (236.79999999999993 2113.6000000000004 848 ) (196.34285714285707 2356.3428571428576 848 ) (204 2364 848 ) (280.31999999999977 2287.6799999999994 848 ) 
4 19 22 (204 2364 848 ) (196.3428571428577 2356.342857142854 848 ) (197.71428571428626 2357.7142857142826 864 ) (204 2364 864 ) 
4 19 21 (197.71428571428243 2357.7142857142853 864 ) (196.34285714285386 2356.3428571428567 848 ) (236.7999999999979 2113.599999999992 848 ) (240 2104 864 ) 
4 20 107 (261.0317812269032 1976 860.9844789356982 ) (259.7333333333334 1976 848 ) (263.111111111111 1976 848 ) (263.111111111111 1976 859.968992248062 ) 
4 20 105 (263.111111111111 1976 864 ) (261.33333333333337 1976 864 ) (261.0317812269032 1976 860.9844789356982 ) (263.111111111111 1976 859.968992248062 ) 
3 20 64 (263.111111111111 1976 848 ) (259.73333333333335 1976 848 ) (249.6000000000005 2036.799999999997 848 ) 
4 20 21 (249.59999999998675 2036.800000000059 848 ) (259.73333333332994 1976 848 ) (261.33333333332996 1976 864 ) (256 2008 864 ) 
5 21 107 (254.85714285714246 1976 864 ) (176 1976 864 ) (176 1976 848 ) (259.7333333333334 1976 848 ) (261.0317812269032 1976 860.9844789356982 ) 
3 21 105 (261.33333333333337 1976 864 ) (254.85714285714246 1976 864 ) (261.0317812269032 1976 860.9844789356982 ) 
4 21 65 (259.73333333333335 1976 848 ) (176 1976 848 ) (176 2336 848 ) (196.34285714285707 2356.3428571428576 848 ) 
4 21 42 (176 2152 848 ) (176 1976 848 ) (176 1976 864 ) (176 2140 864 ) 
4 21 24 (176 2336 848 ) (176 2152 848 ) (176 2140 864 ) (176 2336 864 ) 
4 21 22 (196.3428571428577 2356.342857142854 848 ) (176 2336 848 ) (176 2336 864 ) (197.71428571428626 2357.7142857142826 864 ) 
3 22 66 (176 2624 848 ) (464 2624 848 ) (176 2336 848 ) 
4 22 24 (176 2410.666666666667 848 ) (176 2336 848 ) (176 2336 864 ) (176 2421.3333333333335 864 ) 
4 22 23 (176 2624 864 ) (176 2624 848 ) (176 2453.333333333334 848 ) (176 2442.6666666666674 864 ) 
3 23 67 (133.33333333333348 2624 848 ) (176 2624 848 ) (176 2453.333333333334 848 ) 
4 23 27 (133.33333333333212 2624 848 ) (165.33333333333263 2496 848 ) (160 2496 880 ) (128 2624 880 ) 
3 24 68 (176 2410.666666666667 848 ) (176 2164 848 ) (102.91358024691343 2191.407407407407 848 ) 
4 24 85 (176 2164 848 ) (176 2152 848 ) (94.31578947368406 2165.614035087719 848 ) (102.91358024691343 2191.407407407407 848 ) 
4 24 42 (94.3157894736841 2165.6140350877195 848 ) (176 2152 848 ) (176 2128 880 ) (80 2144 880 ) 
4 24 25 (165.33333333333405 2378.666666666668 848 ) (102.9135802469133 2191.4074074074074 848 ) (96.5925925925921 2193.7777777777774 880 ) (160 2384 880 ) 
4 24 39 (102.9135802469133 2191.4074074074074 848 ) (94.31578947368257 2165.6140350877154 848 ) (80 2144 880 ) (96.5925925925921 2193.7777777777774 880 ) 
3 25 70 (165.3333333333328 2378.666666666665 848 ) (102.91358024691343 2191.407407407407 848 ) (76.63157894736838 2201.263157894736 848 ) 
4 25 38 (154.66666666666916 2357.3333333333344 848 ) (76.63157894736983 2201.263157894736 848 ) (69.89473684210662 2203.7894736842095 880 ) (144 2352 880 ) 
4 25 39 (76.63157894736844 2201.263157894736 848 ) (102.91358024691351 2191.407407407407 848 ) (96.59259259259252 2193.777777777778 880 ) (69.89473684210544 2203.7894736842104 880 ) 
3 26 69 (-323.2000000000004 2624 848 ) (24 2624 848 ) (-368 2512 848 ) 
4 26 36 (-256 2544 848 ) (-162.3606557377063 2570.7540983606573 848 ) (-162.36065573770628 2570.7540983606573 880 ) (-256 2544 880 ) 
4 26 35 (-162.3606557377063 2570.7540983606573 848 ) (-48.96969696969906 2603.151515151517 848 ) (-52.36363636363896 2602.1818181818194 880 ) (-162.36065573770628 2570.7540983606573 880 ) 
4 26 27 (-48.96969696969906 2603.151515151517 848 ) (24 2624 848 ) (24 2624 880 ) (-52.36363636363896 2602.1818181818194 880 ) 
4 26 41 (-323.19999999999857 2624 880 ) (-323.19999999999857 2624 848 ) (-368 2512 848 ) (-368 2512 880 ) 
5 27 71 (24 2624 848 ) (133.33333333333348 2624 848 ) (165.33333333333343 2496 848 ) (23.111111111111114 2567.1111111111113 848 ) (12.396396396396476 2620.6846846846847 848 ) 
3 27 79 (23.111111111111114 2567.1111111111113 848 ) (-48.96969696969619 2603.151515151515 848 ) (12.396396396396476 2620.6846846846847 848 ) 
4 27 28 (23.11111111111044 2567.111111111115 848 ) (112 2522.666666666661 848 ) (96 2528 880 ) (39.11111111111066 2556.4444444444466 880 ) 
4 27 35 (-48.96969696969098 2603.1515151515164 848 ) (23.11111111111044 2567.111111111115 848 ) (39.11111111111066 2556.4444444444466 880 ) (-52.3636363636337 2602.181818181819 880 ) 
3 28 72 (80 2538.666666666667 848 ) (112 2522.666666666665 848 ) (78.39999999999989 2533.8666666666663 848 ) 
4 28 78 (26.285714285714462 2551.2380952380945 848 ) (23.11111111111113 2567.1111111111113 848 ) (80 2538.666666666667 848 ) (78.39999999999989 2533.8666666666663 848 ) 
3 28 29 (78.39999999999935 2533.866666666665 848 ) (96 2528 848 ) (96 2528 880 ) 
4 28 34 (26.285714285717404 2551.238095238092 848 ) (78.39999999999935 2533.866666666665 848 ) (96 2528 880 ) (41.142857142857494 2546.285714285713 880 ) 
4 28 35 (23.111111111109892 2567.1111111111127 848 ) (26.285714285713418 2551.238095238095 848 ) (41.14285714285627 2546.285714285714 880 ) (39.11111111111004 2556.4444444444453 880 ) 
3 29 73 (69.33333333333337 2506.666666666667 848 ) (78.39999999999989 2533.8666666666663 848 ) (96 2528 848 ) 
3 29 34 (78.39999999999326 2533.8666666666686 848 ) (69.33333333332318 2506.666666666659 848 ) (96 2528 880 ) 
3 30 74 (96 2368 848 ) (76.79999999999986 2380.8 848 ) (74.66666666666629 2384 848 ) 
3 30 32 (74.66666666666958 2384 848 ) (76.8000000000024 2380.799999999999 848 ) (96 2384 880 ) 
3 30 31 (96 2384 880 ) (76.79999999999919 2380.800000000001 848 ) (96 2368 848 ) 
3 31 75 (128 2346.6666666666665 848 ) (104.72727272727278 2338.909090909091 848 ) (76.79999999999986 2380.8 848 ) 
4 31 32 (76.8000000000024 2380.799999999999 848 ) (104.72727272727418 2338.909090909091 848 ) (122.18181818181495 2344.727272727271 880 ) (96 2384 880 ) 
4 31 33 (104.72727272727417 2338.909090909089 848 ) (128 2346.666666666665 848 ) (144 2352 880 ) (122.18181818183535 2344.727272727276 880 ) 
3 32 77 (104.72727272727278 2338.909090909091 848 ) (71 2327.666666666667 848 ) (53.33333333333344 2416 848 ) 
4 32 33 (71 2327.6666666666642 848 ) (104.72727272727417 2338.909090909089 848 ) (122.18181818183535 2344.727272727276 880 ) (84 2332 880 ) 
4 32 35 (53.33333333333187 2416 848 ) (71 2327.6666666666665 848 ) (84 2332 880 ) (64 2432 880 ) 
3 33 76 (144 2352 848 ) (108 2334 848 ) (104.72727272727278 2338.909090909091 848 ) 
4 33 77 (108 2334 848 ) (73.21212121212136 2316.6060606060605 848 ) (71 2327.666666666667 848 ) (104.72727272727278 2338.909090909091 848 ) 
4 33 35 (71 2327.6666666666665 848 ) (73.21212121212034 2316.60606060606 848 ) (85.81818181818093 2322.9090909090905 880 ) (84 2332 880 ) 
4 33 38 (73.21212121212125 2316.6060606060605 848 ) (144 2352 848 ) (144 2352 880 ) (85.81818181818181 2322.909090909091 880 ) 
3 34 78 (48 2442.666666666667 848 ) (26.285714285714462 2551.2380952380945 848 ) (78.39999999999989 2533.8666666666663 848 ) 
4 34 35 (26.285714285713418 2551.238095238095 848 ) (48 2442.6666666666647 848 ) (64 2432 880 ) (41.14285714285627 2546.285714285714 880 ) 
5 35 79 (73.21212121212136 2316.6060606060605 848 ) (60.80000000000001 2310.3999999999996 848 ) (-162.36065573770475 2570.7540983606555 848 ) (-48.96969696969619 2603.151515151515 848 ) (23.11111111111113 2567.1111111111113 848 ) 
4 35 36 (-162.3606557377061 2570.754098360656 880 ) (-162.3606557377061 2570.754098360656 848 ) (-112 2512 848 ) (-112 2512 880 ) 
4 35 37 (-23.749999999999943 2409.041666666666 848 ) (60.80000000000021 2310.3999999999996 848 ) (60.800000000000146 2310.4 880 ) (-39.249999999999865 2427.1249999999995 880 ) 
4 35 38 (60.80000000000004 2310.4 848 ) (73.21212121212125 2316.6060606060605 848 ) (85.81818181818181 2322.909090909091 880 ) (60.800000000000196 2310.4 880 ) 
3 36 81 (-256 2544 848 ) (-162.36065573770475 2570.7540983606555 848 ) (-112 2512 848 ) 
5 37 82 (-240 2320 848 ) (-256.13008130081295 2326.0487804878044 848 ) (-23.749999999999858 2409.041666666666 848 ) (-16 2400 848 ) (-96 2336 848 ) 
3 37 83 (-155.57446808510713 2288.3404255319147 848 ) (-240 2320 848 ) (-96 2336 848 ) 
4 37 84 (60.80000000000001 2310.3999999999996 848 ) (-57.14285714285762 2251.428571428571 848 ) (-155.57446808510713 2288.3404255319147 848 ) (-16 2400 848 ) 
4 37 39 (-256.1300813008126 2326.0487804878044 848 ) (-57.14285714285751 2251.428571428571 848 ) (-57.14285714285714 2251.428571428571 880 ) (-288.3902439024389 2338.146341463414 880 ) 
4 37 38 (-57.142857142857565 2251.428571428571 848 ) (60.80000000000004 2310.4 848 ) (60.800000000000196 2310.4 880 ) (-57.142857142857196 2251.428571428571 880 ) 
4 38 84 (105.26315789473698 2258.5263157894733 848 ) (76.63157894736838 2201.263157894736 848 ) (-57.14285714285762 2251.428571428571 848 ) (60.80000000000001 2310.3999999999996 848 ) 
3 38 80 (154.6666666666668 2357.333333333333 848 ) (105.26315789473698 2258.5263157894733 848 ) (60.80000000000001 2310.3999999999996 848 ) 
4 38 39 (-57.14285714285751 2251.428571428571 848 ) (76.63157894736844 2201.263157894736 848 ) (69.89473684210544 2203.7894736842104 880 ) (-57.14285714285714 2251.428571428571 880 ) 
4 39 85 (102.91358024691343 2191.407407407407 848 ) (94.31578947368406 2165.614035087719 848 ) (-299.6363636363637 2231.272727272727 848 ) (-368 2368 848 ) 
4 39 42 (-256 2224 848 ) (94.3157894736841 2165.6140350877195 848 ) (80 2144 880 ) (-273.1428571428572 2202.8571428571427 880 ) 
4 39 40 (-368 2368 848 ) (-299.63636363636357 2231.272727272727 848 ) (-286.5454545454546 2205.090909090909 880 ) (-368 2368 880 ) 
3 40 86 (-299.6363636363637 2231.272727272727 848 ) (-469 2259.5 848 ) (-400 2432 848 ) 
4 40 45 (-365.714285714286 2242.285714285714 848 ) (-352 2240 848 ) (-346 2215 880 ) (-365.71428571428584 2218.285714285714 880 ) 
4 40 46 (-469 2259.5 848 ) (-365.714285714286 2242.285714285714 848 ) (-365.71428571428584 2218.285714285714 880 ) (-478 2237 880 ) 
4 40 41 (-400 2432 848 ) (-469 2259.5 848 ) (-478 2237 880 ) (-400 2432 880 ) 
4 41 98 (-496 2624 848 ) (-323.2000000000004 2624 848 ) (-469 2259.5 848 ) (-496 2264 848 ) 
4 41 46 (-496 2264 848 ) (-469 2259.5 848 ) (-478 2237 880 ) (-496 2240 880 ) 
3 42 116 (-132.9523809523801 1976 848 ) (-122.28571428571355 1976 848 ) (-127.54285714285629 1976 849.6 ) 
4 42 113 (-122.28571428571355 1976 848 ) (-13.714285714286092 1976 848 ) (-66.81249999999952 1976 867.5624999999998 ) (-127.54285714285629 1976 849.6 ) 
6 42 112 (-100.57142857142853 1976 880 ) (-162.0952380952385 1976 880 ) (-176.69565217391326 1976 872.8695652173915 ) (-156.80000000000007 1976 848 ) (-132.9523809523801 1976 848 ) (-66.81249999999952 1976 867.5624999999998 ) 
4 42 111 (-22.69387755102045 1976 880 ) (-100.57142857142853 1976 880 ) (-13.714285714286092 1976 848 ) (48.48979591836746 1976 848 ) 
3 42 110 (-162.0952380952385 1976 880 ) (-182.40000000000015 1976 880 ) (-176.69565217391326 1976 872.8695652173915 ) 
4 42 107 (176 1976 880 ) (-22.69387755102045 1976 880 ) (48.48979591836746 1976 848 ) (176 1976 848 ) 
3 42 88 (-224 2144 848 ) (-256 2224 848 ) (-231.59322033898303 2219.9322033898306 848 ) 
5 42 87 (176 2152 848 ) (176 2110.2222222222226 848 ) (-178.93877551020424 2031.3469387755106 848 ) (-224 2144 848 ) (-231.59322033898303 2219.9322033898306 848 ) 
4 42 99 (176 2110.2222222222226 848 ) (176 2000 848 ) (-166.40000000000006 2000 848 ) (-178.93877551020424 2031.3469387755106 848 ) 
4 42 100 (176 2000 848 ) (176 1976 848 ) (-156.80000000000007 1976 848 ) (-166.40000000000006 2000 848 ) 
4 42 44 (-224 2144 848 ) (-156.79999999999927 1976 848 ) (-182.39999999999992 1976 880 ) (-263 2177.5 880 ) 
4 43 110 (-244.80000000000004 1976 880 ) (-315.4285714285718 1976 880 ) (-370.2857142857146 1976 848 ) (-300.79999999999995 1976 848 ) 
4 43 108 (-315.4285714285718 1976 880 ) (-336.66666666666646 1976 880 ) (-387.33333333333326 1976 848 ) (-370.2857142857146 1976 848 ) 
4 43 106 (-336.66666666666646 1976 880 ) (-345.103448275862 1976 880 ) (-393.655172413793 1976 848 ) (-387.33333333333326 1976 848 ) 
4 43 104 (-345.103448275862 1976 880 ) (-496 1976 880 ) (-496 1976 848 ) (-393.655172413793 1976 848 ) 
3 43 91 (-448 2160 848 ) (-320 2000 848 ) (-432 2000 848 ) 
4 43 97 (-496 2000 848 ) (-496 2112 848 ) (-448 2160 848 ) (-432 2000 848 ) 
4 43 100 (-300.79999999999995 1976 848 ) (-496 1976 848 ) (-496 2000 848 ) (-320 2000 848 ) 
4 43 44 (-328 2080 880 ) (-244.80000000002275 1976 880 ) (-300.8000000000236 1976 848 ) (-320 2000 848 ) 
4 43 46 (-448 2160 848 ) (-496 2112 848 ) (-496 2088 880 ) (-406.2222222222201 2177.777777777775 880 ) 
3 44 112 (-227.6190476190485 1976 848 ) (-156.80000000000007 1976 848 ) (-176.69565217391326 1976 872.8695652173915 ) 
5 44 110 (-182.40000000000015 1976 880 ) (-244.80000000000004 1976 880 ) (-300.79999999999995 1976 848 ) (-227.6190476190485 1976 848 ) (-176.69565217391326 1976 872.8695652173915 ) 
3 44 90 (-320 2000 848 ) (-224 2144 848 ) (-212 2024 848 ) 
3 44 87 (-224 2144 848 ) (-178.93877551020427 2031.3469387755106 848 ) (-212 2024 848 ) 
3 44 99 (-320 2000 848 ) (-178.93877551020427 2031.3469387755106 848 ) (-166.40000000000006 2000 848 ) 
4 44 100 (-156.80000000000007 1976 848 ) (-300.79999999999995 1976 848 ) (-320 2000 848 ) (-166.40000000000006 2000 848 ) 
3 45 93 (-384 2224 848 ) (-366 2242 848 ) (-352 2240 848 ) 
3 45 92 (-366 2242 848 ) (-365.7142857142858 2242.285714285714 848 ) (-352 2240 848 ) 
4 45 46 (-365.7142857142826 2218.2857142857138 880 ) (-365.7142857142826 2242.2857142857138 848 ) (-384 2224 848 ) (-392 2192 880 ) 
3 46 94 (-380.23529411764736 2244.705882352941 848 ) (-365.7142857142858 2242.285714285714 848 ) (-448 2160 848 ) 
3 46 95 (-417.6842105263158 2250.9473684210525 848 ) (-380.23529411764736 2244.705882352941 848 ) (-448 2160 848 ) 
3 46 96 (-457.76271186440675 2257.6271186440677 848 ) (-417.6842105263158 2250.9473684210525 848 ) (-448 2160 848 ) 
5 46 97 (-496 2112 848 ) (-496 2192 848 ) (-469 2259.5 848 ) (-457.76271186440675 2257.6271186440677 848 ) (-448 2160 848 ) 
3 46 98 (-496 2192 848 ) (-496 2264 848 ) (-469 2259.5 848 ) 
5 47 121 (496 1976 784 ) (496 1976 819.1272727272726 ) (456.5465838509316 1976 848 ) (410.1333333333331 1976 848 ) (472 1976 784 ) 
3 47 119 (496 1976 819.1272727272726 ) (496 1976 848 ) (456.5465838509316 1976 848 ) 
4 47 61 (480 2024 784 ) (472 1976 784 ) (410.13333333333725 1976 848 ) (416 2011.2000000000035 848 ) 
3 47 54 (480 2024 784 ) (428.8000000000022 2088 848 ) (430.22222222222496 2096.5333333333265 848 ) 
5 47 53 (496 2144 788.1379310344867 ) (496 2120 784 ) (480 2024 784 ) (430.22222222222496 2096.5333333333265 848 ) (446.4000000000033 2193.5999999999963 848 ) 
3 47 49 (496 2491.1999999999766 848 ) (496 2464 843.3103448275903 ) (486.9333333333412 2436.800000000024 848 ) 
4 47 48 (496 2464 843.3103448275903 ) (496 2144 788.1379310344867 ) (446.4000000000033 2193.5999999999963 848 ) (486.9333333333412 2436.800000000024 848 ) 
5 48 53 (416 2224 784 ) (496 2144 784 ) (496 2144 788.1379310344827 ) (446.39999999999986 2193.6000000000004 848 ) (416 2224 848 ) 
4 48 51 (416 2224 848 ) (448 2320 848 ) (448 2320 784 ) (416 2224 784 ) 
5 48 49 (480 2416 848 ) (486.93333333333794 2436.80000000001 848 ) (496 2464 843.3103448275888 ) (496 2464 784 ) (480 2416 784 ) 
4 49 50 (448 2480 848 ) (405.33333333333314 2565.333333333334 848 ) (405.33333333333314 2565.3333333333335 784 ) (448 2480 784 ) 
4 49 66 (464 2624 784 ) (405.33333333333337 2565.3333333333335 784 ) (405.33333333333337 2565.3333333333335 848 ) (464 2624 848 ) 
4 50 66 (405.33333333333337 2565.3333333333335 784 ) (368 2528 784 ) (368 2528 848 ) (405.33333333333337 2565.3333333333335 848 ) 
3 51 55 (384 2256 784 ) (412 2228 784 ) (384 2256 830.6666666666669 ) 
5 51 53 (412 2228 784 ) (416 2224 784 ) (416 2224 848 ) (384 2256 848 ) (384 2256 830.6666666666669 ) 
4 52 55 (240 2400 848 ) (240 2400 784 ) (320 2320 784 ) (320 2320 848 ) 
4 52 66 (272 2432 784 ) (240 2400 784 ) (240 2400 848 ) (272 2432 848 ) 
4 53 55 (373.59999999999854 2266.4000000000015 848 ) (412 2228 784 ) (448 2120 784 ) (409.6000000000014 2158.399999999998 848 ) 
3 53 54 (480 2024 784 ) (430.22222222222786 2096.5333333333215 848 ) (416 2139.2000000000144 848 ) 
4 55 56 (262.3999999999999 2305.6 784 ) (400 2168 784 ) (400 2168 848 ) (280.31999999999994 2287.6800000000003 848 ) 
4 55 63 (204 2364 784 ) (262.3999999999999 2305.6 784 ) (280.31999999999994 2287.6800000000003 848 ) (204 2364 848 ) 
4 55 66 (240 2400 784 ) (204 2364 784 ) (204 2364 848 ) (240 2400 848 ) 
3 56 58 (304 2232 784 ) (380.7999999999914 2180.800000000001 848 ) (342.3999999999955 2206.3999999999983 848 ) 
3 56 57 (304 2232 784 ) (342.3999999999955 2206.3999999999983 848 ) (311.67999999999716 2226.879999999997 848 ) 
4 56 62 (252.57142857142702 2266.2857142857088 784 ) (304 2232 784 ) (311.67999999999716 2226.879999999997 848 ) (271.7714285714274 2253.48571428571 848 ) 
4 56 63 (262.4000000000017 2305.5999999999976 784 ) (252.57142857143083 2266.285714285713 784 ) (271.77142857142775 2253.485714285715 848 ) (280.31999999999914 2287.6800000000003 848 ) 
3 57 58 (304 2232 784 ) (342.39999999999554 2206.4000000000033 848 ) (304 2193.6000000000013 848 ) 
3 57 62 (304 2232 784 ) (265.59999999999263 2180.7999999999965 848 ) (311.6799999999978 2226.880000000002 848 ) 
4 59 123 (375.583815028902 1976 805.0404624277453 ) (384 1976 784 ) (408 1976 784 ) (402.4593639575967 1976 791.9151943462897 ) 
4 59 121 (363.1999999999996 1976 848 ) (358.4000000000001 1976 848 ) (375.583815028902 1976 805.0404624277453 ) (402.4593639575967 1976 791.9151943462897 ) 
4 59 61 (480 2024 784 ) (377.6000000000122 1985.600000000006 848 ) (363.20000000000266 1976 848 ) (408 1976 784 ) 
5 60 123 (287.61904761904725 1976 848 ) (263.111111111111 1976 848 ) (263.111111111111 1976 784 ) (352 1976 784 ) (352 1976 816.5581395348839 ) 
3 60 121 (352 1976 848 ) (287.61904761904725 1976 848 ) (352 1976 816.5581395348839 ) 
4 60 64 (263.1111111111077 1976 848 ) (256 2008 848 ) (256 2008 784 ) (263.1111111111079 1976 784 ) 
3 61 123 (402.4593639575967 1976 791.9151943462897 ) (408 1976 784 ) (418.6666666666661 1976 784 ) 
5 61 121 (410.1333333333331 1976 848 ) (363.1999999999996 1976 848 ) (402.4593639575967 1976 791.9151943462897 ) (418.6666666666661 1976 784 ) (472 1976 784 ) 
4 62 63 (252.57142857143083 2266.285714285713 784 ) (224 2152 784 ) (249.5999999999983 2164.7999999999984 848 ) (271.77142857142775 2253.485714285715 848 ) 
4 63 66 (204 2364 784 ) (190.8571428571429 2350.857142857143 784 ) (196.34285714285718 2356.342857142857 848 ) (204 2364 848 ) 
4 63 65 (196.34285714285488 2356.342857142855 848 ) (190.8571428571404 2350.8571428571404 784 ) (224 2152 784 ) (236.79999999999805 2113.599999999993 848 ) 
4 64 123 (263.111111111111 1976 848 ) (259.73333333333335 1976 848 ) (253.3333333333334 1976 784 ) (263.111111111111 1976 784 ) 
4 64 65 (224 2152 784 ) (253.33333333333044 1976 784 ) (259.73333333332994 1976 848 ) (249.5999999999872 2036.8000000000573 848 ) 
3 65 127 (176 1976 790.6788990825687 ) (176 1976 784 ) (190.85714285714275 1976 784 ) 
5 65 123 (259.73333333333335 1976 848 ) (176 1976 848 ) (176 1976 790.6788990825687 ) (190.85714285714275 1976 784 ) (253.3333333333334 1976 784 ) 
4 65 87 (176 2200 784 ) (176 2110.2222222222226 784 ) (176 2110.2222222222226 848 ) (176 2152 848 ) 
5 65 68 (176 2336 784 ) (176 2200 784 ) (176 2164 832 ) (176 2164 848 ) (176 2336 848 ) 
3 65 85 (176 2164 832 ) (176 2152 848 ) (176 2164 848 ) 
4 65 99 (176 2110.2222222222226 784 ) (176 2000 784 ) (176 2000 848 ) (176 2110.2222222222226 848 ) 
4 65 100 (176 2000 784 ) (176 1976 784 ) (176 1976 848 ) (176 2000 848 ) 
4 65 66 (190.8571428571429 2350.857142857143 784 ) (176 2336 784 ) (176 2336 848 ) (196.34285714285718 2356.342857142857 848 ) 
4 66 68 (176 2368 784 ) (176 2336 784 ) (176 2336 848 ) (176 2410.666666666667 848 ) 
4 66 67 (176 2624 848 ) (176 2624 784 ) (176 2496 784 ) (176 2453.333333333334 848 ) 
4 67 71 (133.33333333333394 2624 848 ) (144 2624 784 ) (176 2496 784 ) (165.3333333333337 2496 848 ) 
4 68 87 (122.94736842105361 2208.842105263161 784 ) (176 2200 784 ) (176 2164 832 ) (109.7113133940172 2188.858257477243 813.5864759427874 ) 
5 68 70 (176 2368 784 ) (122.947368421051 2208.842105263154 784 ) (109.71131339401883 2188.8582574772427 813.5864759427778 ) (102.91358024691323 2191.4074074074074 848 ) (165.33333333333184 2378.6666666666633 848 ) 
4 68 85 (109.71131339401735 2188.8582574772418 813.5864759427844 ) (176 2164 832 ) (176 2164 848 ) (102.91358024691306 2191.407407407406 848 ) 
4 69 81 (-256 2544 784 ) (-162.36065573770634 2570.7540983606573 784 ) (-162.36065573770634 2570.7540983606573 848 ) (-256 2544 848 ) 
4 69 71 (-13.837837837838208 2613.1891891891914 784 ) (24 2624 784 ) (24 2624 848 ) (12.39639639639602 2620.684684684687 848 ) 
4 69 79 (-162.36065573770634 2570.7540983606573 784 ) (-13.837837837838208 2613.1891891891914 784 ) (12.39639639639602 2620.684684684687 848 ) (-162.36065573770634 2570.7540983606573 848 ) 
4 69 98 (-323.19999999999936 2624 784 ) (-368 2512 784 ) (-368 2512 848 ) (-323.19999999999936 2624 848 ) 
4 70 87 (98.46153846154012 2212.92307692308 784 ) (122.94736842105361 2208.842105263161 784 ) (109.7113133940172 2188.858257477243 813.5864759427874 ) (85.30386740331393 2198.011049723757 806.8066298342587 ) 
5 70 84 (115.36842105263267 2246.7368421052615 784 ) (98.46153846154034 2212.923076923077 784 ) (85.30386740331593 2198.011049723756 806.8066298342557 ) (76.6315789473698 2201.263157894736 848 ) (105.2631578947379 2258.5263157894724 848 ) 
4 70 80 (176 2368 784 ) (115.36842105263267 2246.7368421052615 784 ) (105.2631578947379 2258.5263157894724 848 ) (154.66666666666913 2357.3333333333344 848 ) 
4 70 85 (85.30386740331409 2198.0110497237556 806.8066298342557 ) (109.71131339401735 2188.8582574772418 813.5864759427844 ) (102.91358024691306 2191.407407407406 848 ) (76.63157894736783 2201.2631578947357 848 ) 
4 71 72 (112 2522.666666666662 848 ) (80 2538.6666666666683 848 ) (48 2560 784 ) (144 2512 784 ) 
4 71 78 (80 2538.6666666666683 848 ) (23.111111111110745 2567.1111111111136 848 ) (-8.888888888889369 2588.444444444447 784 ) (48 2560 784 ) 
4 71 79 (12.396396396396625 2620.684684684682 848 ) (-13.837837837837696 2613.1891891891864 784 ) (-8.888888888889412 2588.444444444445 784 ) (23.11111111111054 2567.1111111111118 848 ) 
4 72 73 (43.199999999999804 2545.599999999999 784 ) (96 2528 784 ) (96 2528 848 ) (78.39999999999958 2533.8666666666654 848 ) 
4 72 78 (78.39999999999735 2533.8666666666672 848 ) (80 2538.6666666666683 848 ) (48 2560 784 ) (43.19999999999724 2545.6000000000004 784 ) 
4 73 78 (16 2464 784 ) (69.33333333332953 2506.666666666664 848 ) (78.39999999999735 2533.8666666666672 848 ) (43.19999999999724 2545.6000000000004 784 ) 
4 74 75 (96 2336 784 ) (96 2368 848 ) (76.79999999999882 2380.8000000000015 848 ) (38.40000000000042 2374.399999999999 784 ) 
4 74 77 (32 2384 784 ) (38.40000000000235 2374.3999999999987 784 ) (76.80000000000256 2380.799999999999 848 ) (74.66666666666973 2384 848 ) 
4 75 77 (38.40000000000235 2374.3999999999987 784 ) (69.81818181818312 2327.272727272728 784 ) (104.72727272727417 2338.9090909090914 848 ) (76.80000000000256 2380.799999999999 848 ) 
4 75 76 (69.81818181818332 2327.272727272725 784 ) (96 2336 784 ) (128 2346.666666666665 848 ) (104.72727272727415 2338.909090909089 848 ) 
4 76 77 (69.81818181818312 2327.272727272728 784 ) (76 2318 784 ) (108 2334 848 ) (104.72727272727417 2338.9090909090914 848 ) 
4 76 80 (76 2318 784 ) (144 2352 784 ) (144 2352 848 ) (108 2334 848 ) 
3 77 84 (42.43478260869563 2331.826086956522 784 ) (60.80000000000015 2310.4 784 ) (60.80000000000018 2310.3999999999996 816.4923076923079 ) 
5 77 80 (60.799999999995634 2310.399999999998 784 ) (76 2318 784 ) (108 2334 848 ) (73.21212121212126 2316.6060606060605 848 ) (60.79999999999791 2310.399999999999 816.4923076923022 ) 
5 77 79 (32 2384 784 ) (42.43478260869563 2331.826086956517 784 ) (60.79999999999719 2310.3999999999987 816.4923076923028 ) (73.21212121212042 2316.60606060606 848 ) (53.333333333332234 2416 848 ) 
4 78 79 (-8.888888888889412 2588.444444444445 784 ) (16 2464 784 ) (48 2442.666666666665 848 ) (23.11111111111054 2567.1111111111118 848 ) 
4 79 81 (-162.3606557377061 2570.754098360656 848 ) (-162.3606557377061 2570.754098360656 784 ) (-112 2512 784 ) (-112 2512 848 ) 
3 79 82 (-16 2400 832 ) (-16 2400 848 ) (-23.749999999999936 2409.041666666666 848 ) 
5 79 84 (-16 2400 784 ) (42.43478260869563 2331.826086956522 784 ) (60.80000000000018 2310.3999999999996 816.4923076923079 ) (60.8000000000002 2310.3999999999996 848 ) (-16 2400 848 ) 
3 79 80 (73.21212121212126 2316.6060606060605 848 ) (60.80000000000011 2310.4 848 ) (60.79999999999791 2310.399999999999 816.4923076923022 ) 
4 80 84 (60.80000000000015 2310.4 784 ) (115.36842105263179 2246.7368421052633 784 ) (105.26315789473709 2258.5263157894738 848 ) (60.8000000000002 2310.3999999999996 848 ) 
4 82 83 (-240 2320 848 ) (-240 2320 832 ) (-96 2336 784 ) (-96 2336 848 ) 
3 82 85 (-240 2320 832 ) (-240 2320 848 ) (-256.1300813008133 2326.048780487804 848 ) 
4 82 84 (-96 2336 784 ) (-16 2400 832 ) (-16 2400 848 ) (-96 2336 848 ) 
4 83 84 (-155.57446808510676 2288.3404255319147 784 ) (-96 2336 784 ) (-96 2336 848 ) (-155.5744680851068 2288.3404255319147 848 ) 
4 83 85 (-240 2320 784 ) (-155.57446808510744 2288.340425531914 784 ) (-155.57446808510736 2288.340425531914 848 ) (-240 2320 848 ) 
3 84 87 (3.1999999999830493 2228.800000000006 784 ) (98.46153846154012 2212.92307692308 784 ) (85.30386740331393 2198.011049723757 806.8066298342587 ) 
5 84 85 (-155.57446808510744 2288.340425531914 784 ) (3.1999999999945317 2228.8000000000006 784 ) (85.30386740331409 2198.0110497237556 806.8066298342557 ) (76.63157894736783 2201.2631578947357 848 ) (-155.57446808510736 2288.340425531914 848 ) 
3 85 92 (-310.8571428571152 2253.7142857142303 820.5714285715011 ) (-325.8181818181838 2283.636363636367 784 ) (-256 2272 784 ) 
3 85 89 (-256 2224 848 ) (-256 2272 784 ) (-221.7142857142871 2266.2857142857174 784 ) 
4 85 88 (-231.59322033898337 2219.932203389834 848 ) (-256 2224 848 ) (-221.7142857142871 2266.2857142857174 784 ) (-199.05084745762736 2262.5084745762742 784 ) 
5 85 87 (176 2152 848 ) (-231.59322033898337 2219.932203389834 848 ) (-199.05084745762736 2262.5084745762742 784 ) (3.1999999999830493 2228.800000000006 784 ) (176 2164 832 ) 
4 85 86 (-368 2368 784 ) (-325.81818181818176 2283.6363636363635 784 ) (-299.63636363636357 2231.272727272727 848 ) (-368 2368 848 ) 
5 86 92 (-352 2240 848 ) (-365.7142857142826 2242.2857142857174 848 ) (-365.7142857142833 2290.285714285717 784 ) (-325.8181818181838 2283.636363636367 784 ) (-310.8571428571152 2253.7142857142303 820.5714285715011 ) 
4 86 94 (-365.7142857142826 2242.2857142857174 848 ) (-380.23529411764486 2244.7058823529446 848 ) (-366.1176470588216 2290.3529411764735 784 ) (-365.7142857142833 2290.285714285717 784 ) 
4 86 95 (-380.23529411764486 2244.7058823529446 848 ) (-417.68421052631476 2250.947368421056 848 ) (-402.5263157894727 2296.421052631582 784 ) (-366.1176470588216 2290.3529411764735 784 ) 
5 86 96 (-417.68421052631476 2250.947368421056 848 ) (-457.7627118644071 2257.6271186440713 848 ) (-460.1600000000001 2281.600000000001 816.5688888888922 ) (-451 2304.500000000003 784 ) (-402.5263157894727 2296.421052631582 784 ) 
3 86 97 (-457.7627118644071 2257.6271186440713 848 ) (-469 2259.500000000003 848 ) (-460.1600000000001 2281.600000000001 816.5688888888922 ) 
4 86 98 (-400 2432 784 ) (-451 2304.5 784 ) (-469 2259.5 848 ) (-400 2432 848 ) 
3 87 90 (-176 2032 784 ) (-212 2024 848 ) (-224 2144 848 ) 
4 87 88 (-199.05084745762738 2262.5084745762715 784 ) (-192 2192 784 ) (-224 2144 848 ) (-231.59322033898323 2219.9322033898306 848 ) 
4 87 99 (-176 2032 784 ) (176 2110.222222222222 784 ) (176 2110.222222222222 848 ) (-212 2024 848 ) 
3 88 89 (-221.71428571428623 2266.2857142857174 784 ) (-192 2192 784 ) (-256 2224 848 ) 
3 90 99 (-176 2032 784 ) (-212 2024 848 ) (-320 2000 848 ) 
3 91 100 (-432 2000 784 ) (-320 2000 848 ) (-432 2000 848 ) 
3 91 97 (-432 2000 784 ) (-432 2000 848 ) (-448 2160 848 ) 
3 92 93 (-368 2288 784 ) (-352 2240 848 ) (-366 2242 848 ) 
4 92 94 (-368 2288 784 ) (-366 2242 848 ) (-365.71428571428265 2242.28571428571 848 ) (-365.7142857142826 2290.28571428571 784 ) 
3 93 94 (-368 2288 784 ) (-384 2224 848 ) (-366 2242 848 ) 
4 94 95 (-448 2160 848 ) (-380.2352941176448 2244.705882352941 848 ) (-366.11764705882126 2290.3529411764703 784 ) (-368 2288 784 ) 
4 95 96 (-448 2160 848 ) (-417.6842105263176 2250.947368421053 848 ) (-402.52631578947546 2296.421052631579 784 ) (-432 2208 784 ) 
3 96 98 (-451 2304.5 784 ) (-460.15999999999985 2281.5999999999985 784 ) (-460.15999999999985 2281.5999999999985 816.5688888888908 ) 
5 96 97 (-457.76271186440533 2257.6271186440626 848 ) (-460.15999999999894 2281.5999999999985 816.5688888888835 ) (-460.15999999999894 2281.5999999999985 784 ) (-448 2160 784 ) (-448 2160 848 ) 
4 97 100 (-496 2000 784 ) (-432 2000 784 ) (-432 2000 848 ) (-496 2000 848 ) 
5 97 98 (-460.15999999999985 2281.5999999999985 784 ) (-496 2192 784 ) (-496 2192 848 ) (-469 2259.5 848 ) (-460.15999999999985 2281.5999999999985 816.5688888888908 ) 
4 99 100 (-320 2000 784 ) (176 2000 784 ) (176 2000 848 ) (-320 2000 848 ) 
4 100 132 (-122.28571428571261 1976 848 ) (-132.9523809523812 1976 848 ) (-349.33333333333206 1976 784 ) (88 1976 784 ) 
4 100 129 (-13.714285714285921 1976 848 ) (-122.28571428571261 1976 848 ) (88 1976 784 ) (160 1976 784 ) 
4 100 128 (-132.9523809523812 1976 848 ) (-227.61904761904782 1976 848 ) (-358.6666666666669 1976 784 ) (-349.33333333333206 1976 784 ) 
5 100 127 (48.48979591836758 1976 848 ) (-13.714285714285921 1976 848 ) (160 1976 784 ) (176 1976 784 ) (176 1976 790.6788990825687 ) 
4 100 126 (-227.61904761904782 1976 848 ) (-370.2857142857146 1976 848 ) (-480 1976 784 ) (-358.6666666666669 1976 784 ) 
4 100 124 (-370.2857142857146 1976 848 ) (-387.33333333333326 1976 848 ) (-488.66666666666663 1976 784 ) (-480 1976 784 ) 
3 100 123 (176 1976 848 ) (48.48979591836758 1976 848 ) (176 1976 790.6788990825687 ) 
4 100 122 (-387.33333333333326 1976 848 ) (-393.655172413793 1976 848 ) (-490.75862068965523 1976 784 ) (-488.66666666666663 1976 784 ) 
4 100 120 (-393.655172413793 1976 848 ) (-496 1976 848 ) (-496 1976 784 ) (-490.75862068965523 1976 784 ) 
3 102 116 (-176 1888 896 ) (-106 1918 896 ) (-16 1888 896 ) 
3 102 115 (112 1504 896 ) (71.57894736842093 1463.578947368421 896 ) (0 1472 896 ) 
4 102 114 (71.57894736842093 1463.578947368421 896 ) (-16 1376 896 ) (-258.758620689655 1376 896 ) (-272 1504 896 ) 
3 102 113 (-106 1918 896 ) (-64 1936 896 ) (128 1840 896 ) 
3 102 112 (-288 1840 896 ) (-134.7368421052633 1971.3684210526317 896 ) (-64 1936 896 ) 
4 102 111 (-129.3333333333337 1976 896 ) (-58.285714285714334 1976 896 ) (256 1776 896 ) (-134.7368421052633 1971.3684210526317 896 ) 
3 102 110 (-288 1976 896 ) (-129.3333333333337 1976 896 ) (-288 1840 896 ) 
3 102 109 (288 1680 896 ) (182.26086956521726 1376 896 ) (-16 1376 896 ) 
3 102 108 (-311.33333333333303 1976 896 ) (-288 1976 896 ) (-288 1696 896 ) 
3 102 107 (-58.285714285714334 1976 896 ) (189.33333333333297 1976 896 ) (256 1776 896 ) 
3 102 106 (-320.8275862068965 1976 896 ) (-311.33333333333303 1976 896 ) (-272 1504 896 ) 
3 102 105 (189.33333333333297 1976 896 ) (390.95652173913027 1976 896 ) (288 1680 896 ) 
4 102 104 (-496 1376 896 ) (-496 1976 896 ) (-320.8275862068965 1976 896 ) (-258.758620689655 1376 896 ) 
4 102 103 (390.95652173913027 1976 896 ) (496 1976 896 ) (496 1376 896 ) (182.26086956521726 1376 896 ) 
4 103 119 (496 1376 848 ) (247.85093167701856 1376 848 ) (456.5465838509316 1976 848 ) (496 1976 848 ) 
4 103 109 (315.4285714285773 1570.2857142857206 848 ) (247.85093167702243 1376 848 ) (182.26086956522124 1376 896 ) (288 1680 896 ) 
4 103 105 (390.956521739134 1976 896 ) (456.54658385093524 1976 848 ) (370.2857142857159 1728 848 ) (288 1680 896 ) 
4 104 120 (-331.58620689655186 1376 848 ) (-496 1376 848 ) (-496 1976 848 ) (-393.655172413793 1976 848 ) 
4 104 114 (-331.58620689655527 1376 848 ) (-340.57142857143214 1462.8571428571431 848 ) (-272 1504 896 ) (-258.7586206896567 1376 896 ) 
4 104 106 (-361.1428571428413 1661.7142857140984 848 ) (-393.65517241379666 1976 848 ) (-320.827586206898 1976 896 ) (-272 1504 896 ) 
3 105 121 (287.61904761904725 1976 848 ) (456.5465838509316 1976 848 ) (370.2857142857141 1728 848 ) 
4 105 107 (256 1776 896 ) (189.33333333332848 1976 896 ) (287.6190476190425 1976 848 ) (352 1782.8571428571477 848 ) 
3 106 122 (-361.14285714285637 1661.714285714278 848 ) (-393.655172413793 1976 848 ) (-387.3333333333333 1976 848 ) 
4 106 108 (-370.28571428571456 1771.4285714285309 848 ) (-387.33333333333695 1976 848 ) (-311.3333333333394 1976 896 ) (-288 1696 896 ) 
3 107 123 (48.489795918367236 1976 848 ) (287.61904761904725 1976 848 ) (352 1782.8571428571436 848 ) 
4 107 111 (256 1776 896 ) (-58.28571428570285 1976 896 ) (48.48979591837855 1976 848 ) (276.5714285714557 1830.8571428571292 848 ) 
3 108 124 (-370.28571428571456 1771.428571428576 848 ) (-387.3333333333333 1976 848 ) (-370.2857142857146 1976 848 ) 
4 108 110 (-370.28571428570285 1853.7142857142958 848 ) (-370.28571428570285 1976 848 ) (-288 1976 896 ) (-288 1840 896 ) 
3 109 125 (247.85093167701856 1376 848 ) (121.14285714285676 1376 848 ) (315.4285714285715 1570.2857142857147 848 ) 
4 109 115 (214.85714285712032 1469.7142857142794 848 ) (150.25563909772976 1405.1127819548888 848 ) (71.57894736841075 1463.5789473684197 896 ) (112 1504 896 ) 
4 109 114 (150.25563909772976 1405.1127819548888 848 ) (121.142857142841 1376 848 ) (-16 1376 896 ) (71.57894736841075 1463.5789473684197 896 ) 
3 110 126 (-370.28571428571456 1853.7142857142858 848 ) (-370.2857142857146 1976 848 ) (-227.61904761904796 1976 848 ) 
5 110 112 (-134.73684210525556 1971.3684210526278 896 ) (-288 1840 896 ) (-322.2857142857039 1894.857142857147 848 ) (-227.61904761904202 1976 848 ) (-135.63999999999334 1976 892.9199999999976 ) 
3 110 111 (-129.3333333333212 1976 896 ) (-134.73684210525556 1971.3684210526278 896 ) (-135.63999999999334 1976 892.9199999999976 ) 
3 111 127 (-13.714285714285609 1976 848 ) (48.489795918367236 1976 848 ) (276.5714285714294 1830.8571428571427 848 ) 
5 111 113 (-66.81249999999987 1976 867.5624999999999 ) (-13.71428571428629 1976 848 ) (203.42857142856434 1867.4285714285743 848 ) (128 1840 896 ) (-64 1936 896 ) 
4 111 112 (-135.6400000000005 1976 892.9200000000002 ) (-66.81249999999987 1976 867.5624999999999 ) (-64 1936 896 ) (-134.7368421052637 1971.3684210526317 896 ) 
3 112 128 (-322.2857142857146 1894.857142857143 848 ) (-227.61904761904796 1976 848 ) (-132.95238095238113 1976 848 ) 
5 112 116 (-106 1918 896 ) (-176 1888 896 ) (-258.28571428571183 1922.2857142857138 848 ) (-132.95238095237744 1976 848 ) (-127.5428571428547 1976 849.5999999999997 ) 
4 112 113 (-64 1936 896 ) (-106 1918 896 ) (-127.5428571428547 1976 849.5999999999997 ) (-66.81249999999825 1976 867.5624999999992 ) 
3 113 129 (-122.28571428571254 1976 848 ) (-13.714285714285609 1976 848 ) (203.42857142856982 1867.4285714285725 848 ) 
3 113 117 (-16 1888 896 ) (38.85714285715889 1922.2857142857138 848 ) (121.14285714287544 1894.8571428571415 848 ) 
5 113 116 (-16 1888 896 ) (-106 1918 896 ) (-127.54285714284971 1976 849.6000000000022 ) (-122.2857142856995 1976 848 ) (38.85714285715889 1922.2857142857138 848 ) 
4 114 130 (121.14285714285676 1376 848 ) (-331.58620689655186 1376 848 ) (-340.57142857142867 1462.8571428571427 848 ) (150.2556390977439 1405.1127819548872 848 ) 
3 114 118 (35.85714285714502 1418.5714285714294 848 ) (-185.14285714284895 1444.571428571429 848 ) (0 1472 896 ) 
4 114 115 (150.25563909774473 1405.112781954888 848 ) (35.85714285714502 1418.5714285714294 848 ) (0 1472 896 ) (71.5789473684926 1463.5789473683687 896 ) 
3 115 131 (214.85714285714252 1469.7142857142858 848 ) (150.2556390977439 1405.1127819548872 848 ) (35.85714285714215 1418.5714285714284 848 ) 
3 115 118 (0 1472 896 ) (150.85714285709787 1451.4285714285706 848 ) (35.85714285711293 1418.571428571432 848 ) 
4 116 132 (-258.28571428571604 1922.2857142857138 848 ) (-132.95238095238113 1976 848 ) (-122.28571428571254 1976 848 ) (38.85714285714573 1922.2857142857138 848 ) 
3 116 117 (-16 1888 896 ) (-166.85714285712658 1922.2857142857126 848 ) (38.857142857149654 1922.2857142857126 848 ) 
3 117 133 (-166.8571428571336 1922.2857142857138 848 ) (38.85714285714573 1922.2857142857138 848 ) (121.14285714285882 1894.8571428571427 848 ) 
3 118 134 (150.8571428571421 1451.4285714285713 848 ) (35.85714285714215 1418.5714285714284 848 ) (-185.14285714285847 1444.5714285714284 848 ) 
4 119 125 (247.8509316770245 1376 848 ) (315.4285714285805 1570.2857142857238 848 ) (352 1424 784 ) (335.3043478260941 1376 784 ) 
5 119 121 (370.28571428571684 1728 848 ) (456.54658385093717 1976 848 ) (496 1976 819.127272727278 ) (496 1838 784 ) (480 1792 784 ) 
4 120 130 (-331.58620689655856 1376 848 ) (-428.6896551724203 1376 784 ) (-432 1408 784 ) (-340.5714285714354 1462.8571428571436 848 ) 
4 120 122 (-480 1872 784 ) (-490.75862068966114 1976 784 ) (-393.65517241379905 1976 848 ) (-361.14285714282926 1661.7142857139543 848 ) 
4 121 123 (480 1792 784 ) (352 1782.8571428571424 848 ) (287.6190476190483 1976 848 ) (418.6666666666606 1976 784 ) 
4 122 124 (-480 1872 784 ) (-488.66666666666913 1976 784 ) (-387.33333333333576 1976 848 ) (-370.28571428571456 1771.4285714285452 848 ) 
4 123 127 (276.57142857144663 1830.8571428571338 848 ) (48.489795918371215 1976 848 ) (190.85714285718132 1976 784 ) (304 1904 784 ) 
4 124 126 (-480 1872 784 ) (-480 1976 784 ) (-370.28571428570285 1976 848 ) (-370.28571428570285 1853.7142857142958 848 ) 
5 125 131 (150.25563909772936 1405.1127819548888 848 ) (214.8571428571199 1469.7142857142792 848 ) (352 1424 784 ) (304 1376 784 ) (189.43209876541934 1376 824.0987654320975 ) 
3 125 130 (121.14285714284051 1376 848 ) (150.25563909772936 1405.1127819548888 848 ) (189.43209876541934 1376 824.0987654320975 ) 
4 126 128 (-368 1968 784 ) (-358.66666666665924 1976 784 ) (-227.61904761904026 1976 848 ) (-322.2857142856992 1894.857142857149 848 ) 
4 127 129 (160 1976 784 ) (304 1904 784 ) (203.42857142856707 1867.4285714285734 848 ) (-13.714285714286177 1976 848 ) 
4 128 132 (-368 1968 784 ) (-349.3333333333299 1976 784 ) (-132.95238095237755 1976 848 ) (-258.2857142857119 1922.2857142857138 848 ) 
4 129 133 (304 1904 784 ) (121.14285714287529 1894.8571428571415 848 ) (38.85714285715858 1922.2857142857138 848 ) (112 1968 784 ) 
4 129 132 (38.85714285715858 1922.2857142857138 848 ) (-122.28571428570018 1976 848 ) (88 1976 784 ) (112 1968 784 ) 
5 130 134 (64.42780748663856 1376 809.7540106951857 ) (-160 1376 784 ) (-432 1408 784 ) (-185.14285714284804 1444.571428571429 848 ) (35.85714285714687 1418.5714285714296 848 ) 
4 130 131 (189.43209876543702 1376 824.098765432097 ) (64.42780748663856 1376 809.7540106951857 ) (35.85714285714687 1418.5714285714296 848 ) (150.25563909774564 1405.1127819548888 848 ) 
5 131 134 (35.85714285711606 1418.5714285714316 848 ) (150.85714285709992 1451.4285714285706 848 ) (352 1424 784 ) (184 1376 784 ) (64.4278074866056 1376 809.7540106951843 ) 
4 132 133 (38.8571428571496 1922.2857142857126 848 ) (-166.85714285712655 1922.2857142857126 848 ) (-368 1968 784 ) (112 1968 784 ) 
4 135 142 (-16 911 144 ) (-16 911 336 ) (-208 911 336 ) (-208 911 144 ) 
4 135 141 (-208 913 272 ) (-208 1039 272 ) (-208 1039 144 ) (-208 913 144 ) 
4 135 139 (-208 913 336 ) (-208 1039 336 ) (-208 1039 272 ) (-208 913 272 ) 
4 135 138 (-208 1167 144 ) (-208 1041 144 ) (-208 1041 272 ) (-208 1167 272 ) 
4 135 136 (-208 1041 336 ) (-208 1167 336 ) (-208 1167 272 ) (-208 1041 272 ) 
4 136 138 (-208 1167 272 ) (-208 1041 272 ) (-224 1041 272 ) (-224 1167 272 ) 
4 137 138 (-368 1041 272 ) (-368 1167 272 ) (-240 1167 272 ) (-240 1041 272 ) 
4 139 141 (-224 1039 272 ) (-208 1039 272 ) (-208 913 272 ) (-224 913 272 ) 
4 140 141 (-368 1039 272 ) (-240 1039 272 ) (-240 913 272 ) (-368 913 272 ) 
4 142 165 (-80 15 336 ) (-208 15 336 ) (-208 15 144 ) (-80 15 144 ) 
4 142 164 (-16 15 144 ) (-16 15 336 ) (-80 15 336 ) (-80 15 144 ) 
4 142 161 (-208 17 336 ) (-208 143 336 ) (-208 143 144 ) (-208 17 144 ) 
4 142 158 (-208 145 336 ) (-208 271 336 ) (-208 271 144 ) (-208 145 144 ) 
4 142 157 (-208 399 144 ) (-208 273 144 ) (-208 273 272 ) (-208 399 272 ) 
4 142 155 (-208 273 336 ) (-208 399 336 ) (-208 399 272 ) (-208 273 272 ) 
4 142 152 (-208 401 336 ) (-208 527 336 ) (-208 527 144 ) (-208 401 144 ) 
4 142 149 (-208 529 336 ) (-208 655 336 ) (-208 655 272 ) (-208 529 272 ) 
4 142 150 (-208 655 272 ) (-208 655 144 ) (-208 529 144 ) (-208 529 272 ) 
4 142 148 (-208 783 272 ) (-208 783 144 ) (-208 657 144 ) (-208 657 272 ) 
4 142 146 (-208 657 336 ) (-208 783 336 ) (-208 783 272 ) (-208 657 272 ) 
4 142 143 (-208 785 336 ) (-208 911 336 ) (-208 911 272 ) (-208 785 272 ) 
4 142 144 (-208 911 272 ) (-208 911 144 ) (-208 785 144 ) (-208 785 272 ) 
4 143 144 (-208 785 272 ) (-224 785 272 ) (-224 911 272 ) (-208 911 272 ) 
4 144 145 (-240 785 144 ) (-240 785 272 ) (-240 911 272 ) (-240 911 144 ) 
4 146 148 (-224 783 272 ) (-208 783 272 ) (-208 657 272 ) (-224 657 272 ) 
4 147 148 (-368 657 272 ) (-368 783 272 ) (-240 783 272 ) (-240 657 272 ) 
4 149 150 (-208 529 272 ) (-224 529 272 ) (-224 655 272 ) (-208 655 272 ) 
4 150 151 (-240 529 144 ) (-240 529 272 ) (-240 655 272 ) (-240 655 144 ) 
4 152 154 (-224 401 144 ) (-224 401 272 ) (-224 527 272 ) (-224 527 144 ) 
4 153 154 (-240 401 272 ) (-368 401 272 ) (-368 527 272 ) (-240 527 272 ) 
4 155 157 (-208 273 272 ) (-224 273 272 ) (-224 399 272 ) (-208 399 272 ) 
4 156 157 (-240 273 272 ) (-368 273 272 ) (-368 399 272 ) (-240 399 272 ) 
4 158 160 (-224 145 144 ) (-224 145 272 ) (-224 271 272 ) (-224 271 144 ) 
4 159 160 (-240 145 272 ) (-368 145 272 ) (-368 271 272 ) (-240 271 272 ) 
4 161 163 (-224 143 144 ) (-224 17 144 ) (-224 17 272 ) (-224 143 272 ) 
4 162 163 (-240 143 272 ) (-240 17 272 ) (-368 17 272 ) (-368 143 272 ) 
4 164 166 (-80 -368 240 ) (-80 -368 336 ) (-80 -352 336 ) (-80 -352 240 ) 
4 164 165 (-80 15 336 ) (-80 15 144 ) (-80 -352 144 ) (-80 -352 336 ) 
4 165 176 (-208 -352 272 ) (-208 -352 336 ) (-208 -241 336 ) (-208 -241 272 ) 
4 165 178 (-208 -241 144 ) (-208 -352 144 ) (-208 -352 272 ) (-208 -241 272 ) 
4 165 173 (-208 -113 144 ) (-208 -239 144 ) (-208 -239 336 ) (-208 -113 336 ) 
4 165 172 (-208 15 272 ) (-208 15 144 ) (-208 -111 144 ) (-208 -111 272 ) 
4 165 170 (-208 15 336 ) (-208 15 272 ) (-208 -111 272 ) (-208 -111 336 ) 
4 165 169 (-176 -352 240 ) (-208 -352 240 ) (-208 -352 144 ) (-176 -352 144 ) 
4 165 167 (-96 -352 224 ) (-160 -352 224 ) (-160 -352 144 ) (-96 -352 144 ) 
4 165 166 (-80 -352 240 ) (-80 -352 336 ) (-208 -352 336 ) (-208 -352 240 ) 
4 166 176 (-208 -367 336 ) (-208 -352 336 ) (-208 -352 272 ) (-208 -367 272 ) 
4 166 178 (-208 -352 272 ) (-208 -352 240 ) (-208 -367 240 ) (-208 -367 272 ) 
4 166 169 (-176 -368 240 ) (-208 -368 240 ) (-208 -352 240 ) (-176 -352 240 ) 
4 167 168 (-160 -360 224 ) (-160 -360 144 ) (-96 -360 144 ) (-96 -360 224 ) 
4 169 178 (-208 -367 240 ) (-208 -352 240 ) (-208 -352 144 ) (-208 -367 144 ) 
4 170 172 (-224 15 272 ) (-208 15 272 ) (-208 -111 272 ) (-224 -111 272 ) 
4 171 172 (-368 -111 272 ) (-368 15 272 ) (-240 15 272 ) (-240 -111 272 ) 
4 173 175 (-224 -113 272 ) (-224 -113 144 ) (-224 -239 144 ) (-224 -239 272 ) 
4 174 175 (-368 -113 272 ) (-240 -113 272 ) (-240 -239 272 ) (-368 -239 272 ) 
4 176 178 (-224 -241 272 ) (-208 -241 272 ) (-208 -367 272 ) (-224 -367 272 ) 
4 177 178 (-368 -367 272 ) (-368 -241 272 ) (-240 -241 272 ) (-240 -367 272 ) 
4 180 182 (-128 -448 256 ) (-64 -448 256 ) (-64 -464 256 ) (-128 -464 256 ) 
4 180 183 (-368 -464 256 ) (-368 -448 256 ) (-256 -448 256 ) (-256 -464 256 ) 
4 180 184 (32 -928 256 ) (-368 -928 256 ) (-368 -464 256 ) (32 -464 256 ) 
4 180 181 (368 -928 256 ) (32 -928 256 ) (32 -448 256 ) (368 -448 256 ) 
4 181 207 (112 -928 240 ) (32 -928 240 ) (32 -912 240 ) (112 -912 240 ) 
4 181 204 (32 -912 240 ) (32 -720 240 ) (208 -720 240 ) (208 -912 240 ) 
4 181 203 (368 -736 240 ) (368 -928 240 ) (208 -928 240 ) (208 -736 240 ) 
4 181 202 (352 -736 240 ) (208 -736 240 ) (208 -720 240 ) (352 -720 240 ) 
4 181 198 (352 -720 240 ) (32 -720 240 ) (32 -464 240 ) (352 -464 240 ) 
4 181 195 (368 -464 240 ) (368 -640 240 ) (352 -640 240 ) (352 -464 240 ) 
4 181 188 (32 -448 240 ) (112 -448 240 ) (112 -464 240 ) (32 -464 240 ) 
4 181 185 (208 -448 240 ) (368 -448 240 ) (368 -464 240 ) (208 -464 240 ) 
4 181 184 (32 -464 240 ) (32 -928 240 ) (32 -928 256 ) (32 -464 256 ) 
4 182 191 (-128 -448 240 ) (-64 -448 240 ) (-64 -464 240 ) (-128 -464 240 ) 
4 182 184 (-128 -464 240 ) (-64 -464 240 ) (-64 -464 256 ) (-128 -464 256 ) 
4 183 194 (-368 -464 240 ) (-368 -448 240 ) (-256 -448 240 ) (-256 -464 240 ) 
4 183 184 (-368 -464 256 ) (-368 -464 240 ) (-256 -464 240 ) (-256 -464 256 ) 
4 184 214 (-368 -928 240 ) (-368 -736 240 ) (-240 -736 240 ) (-240 -928 240 ) 
4 184 213 (-352 -720 240 ) (-240 -720 240 ) (-240 -736 240 ) (-352 -736 240 ) 
4 184 210 (-64 -928 240 ) (-144 -928 240 ) (-144 -912 240 ) (-64 -912 240 ) 
4 184 204 (-240 -720 240 ) (32 -720 240 ) (32 -912 240 ) (-240 -912 240 ) 
4 184 199 (-368 -640 240 ) (-368 -464 240 ) (-352 -464 240 ) (-352 -640 240 ) 
4 184 198 (-352 -464 240 ) (32 -464 240 ) (32 -720 240 ) (-352 -720 240 ) 
4 185 198 (352 -464 240 ) (208 -464 240 ) (208 -464 144 ) (352 -464 144 ) 
4 185 195 (368 -464 144 ) (368 -464 240 ) (352 -464 240 ) (352 -464 144 ) 
4 186 187 (128 -456 144 ) (192 -456 144 ) (192 -456 224 ) (128 -456 224 ) 
4 187 198 (192 -464 144 ) (192 -464 224 ) (128 -464 224 ) (128 -464 144 ) 
4 188 198 (112 -464 144 ) (112 -464 240 ) (32 -464 240 ) (32 -464 144 ) 
4 189 190 (-48 -456 144 ) (16 -456 144 ) (16 -456 224 ) (-48 -456 224 ) 
4 190 198 (16 -464 144 ) (16 -464 224 ) (-48 -464 224 ) (-48 -464 144 ) 
4 191 198 (-64 -464 144 ) (-64 -464 240 ) (-144 -464 240 ) (-144 -464 144 ) 
4 192 193 (-224 -456 144 ) (-160 -456 144 ) (-160 -456 224 ) (-224 -456 224 ) 
4 193 198 (-160 -464 144 ) (-160 -464 224 ) (-224 -464 224 ) (-224 -464 144 ) 
4 194 199 (-368 -464 240 ) (-368 -464 144 ) (-352 -464 144 ) (-352 -464 240 ) 
4 194 198 (-352 -464 144 ) (-240 -464 144 ) (-240 -464 240 ) (-352 -464 240 ) 
4 195 198 (352 -464 240 ) (352 -464 144 ) (352 -640 144 ) (352 -640 240 ) 
4 196 197 (360 -656 144 ) (360 -720 144 ) (360 -720 224 ) (360 -656 224 ) 
4 197 198 (352 -720 144 ) (352 -720 224 ) (352 -656 224 ) (352 -656 144 ) 
4 198 213 (-240 -720 240 ) (-352 -720 240 ) (-352 -720 144 ) (-240 -720 144 ) 
4 198 204 (208 -720 240 ) (-240 -720 240 ) (-240 -720 144 ) (208 -720 144 ) 
4 198 202 (352 -720 144 ) (352 -720 240 ) (208 -720 240 ) (208 -720 144 ) 
4 198 200 (-352 -720 144 ) (-352 -720 224 ) (-352 -656 224 ) (-352 -656 144 ) 
4 198 199 (-352 -640 240 ) (-352 -464 240 ) (-352 -464 144 ) (-352 -640 144 ) 
4 200 201 (-360 -656 144 ) (-360 -720 144 ) (-360 -720 224 ) (-360 -656 224 ) 
4 202 204 (208 -720 240 ) (208 -720 144 ) (208 -736 144 ) (208 -736 240 ) 
4 202 203 (352 -736 144 ) (352 -736 240 ) (208 -736 240 ) (208 -736 144 ) 
4 203 204 (208 -912 240 ) (208 -736 240 ) (208 -736 144 ) (208 -912 144 ) 
4 204 214 (-240 -912 144 ) (-240 -912 240 ) (-240 -736 240 ) (-240 -736 144 ) 
4 204 213 (-240 -736 240 ) (-240 -720 240 ) (-240 -720 144 ) (-240 -736 144 ) 
4 204 211 (-224 -912 144 ) (-160 -912 144 ) (-160 -912 224 ) (-224 -912 224 ) 
4 204 210 (-64 -912 240 ) (-144 -912 240 ) (-144 -912 144 ) (-64 -912 144 ) 
4 204 208 (-48 -912 144 ) (16 -912 144 ) (16 -912 224 ) (-48 -912 224 ) 
4 204 207 (112 -912 240 ) (32 -912 240 ) (32 -912 144 ) (112 -912 144 ) 
4 204 205 (192 -912 224 ) (128 -912 224 ) (128 -912 144 ) (192 -912 144 ) 
4 205 206 (128 -920 144 ) (192 -920 144 ) (192 -920 224 ) (128 -920 224 ) 
4 208 209 (-48 -920 144 ) (16 -920 144 ) (16 -920 224 ) (-48 -920 224 ) 
4 211 212 (-224 -920 224 ) (-224 -920 144 ) (-160 -920 144 ) (-160 -920 224 ) 
4 213 214 (-240 -736 144 ) (-240 -736 240 ) (-352 -736 240 ) (-352 -736 144 ) 
4 215 219 (-1168 -864 672 ) (-1168 -512 672 ) (-1152 -512 672 ) (-1152 -864 672 ) 
4 215 217 (-1168 -512 672 ) (-1168 -496 672 ) (-800 -496 672 ) (-800 -512 672 ) 
4 215 220 (-1168 -880 672 ) (-1168 -864 672 ) (-800 -864 672 ) (-800 -880 672 ) 
4 215 216 (-800 -496 672 ) (-784 -496 672 ) (-784 -880 672 ) (-800 -880 672 ) 
4 216 217 (-800 -496 480 ) (-800 -512 480 ) (-800 -512 672 ) (-800 -496 672 ) 
4 216 220 (-800 -864 480 ) (-800 -880 480 ) (-800 -880 672 ) (-800 -864 672 ) 
4 217 219 (-1168 -512 480 ) (-1152 -512 480 ) (-1152 -512 672 ) (-1168 -512 672 ) 
4 218 225 (-1152 -512 480 ) (-1120 -512 480 ) (-1120 -864 480 ) (-1152 -864 480 ) 
4 218 224 (-1120 -512 480 ) (-832 -512 480 ) (-832 -864 480 ) (-1120 -864 480 ) 
4 218 223 (-800 -832 480 ) (-800 -864 480 ) (-832 -864 480 ) (-832 -832 480 ) 
4 218 222 (-800 -544 480 ) (-800 -832 480 ) (-832 -832 480 ) (-832 -544 480 ) 
4 218 221 (-832 -512 480 ) (-800 -512 480 ) (-800 -544 480 ) (-832 -544 480 ) 
4 219 220 (-1168 -864 672 ) (-1168 -864 480 ) (-1152 -864 480 ) (-1152 -864 672 ) 
4 221 224 (-832 -544 448 ) (-832 -544 480 ) (-832 -512 480 ) (-832 -512 448 ) 
4 221 222 (-800 -544 448 ) (-800 -544 480 ) (-832 -544 480 ) (-832 -544 448 ) 
4 222 224 (-832 -544 416 ) (-832 -832 416 ) (-832 -832 480 ) (-832 -544 480 ) 
4 222 223 (-832 -832 480 ) (-832 -832 448 ) (-800 -832 448 ) (-800 -832 480 ) 
4 223 224 (-832 -864 448 ) (-832 -864 480 ) (-832 -832 480 ) (-832 -832 448 ) 
4 224 236 (-832 -544 416 ) (-832 -832 416 ) (-1120 -832 416 ) (-1120 -544 416 ) 
4 224 226 (-1120 -544 416 ) (-1120 -832 416 ) (-1120 -832 448 ) (-1120 -544 448 ) 
4 224 225 (-1120 -864 448 ) (-1120 -864 480 ) (-1120 -512 480 ) (-1120 -512 448 ) 
4 225 226 (-1152 -832 448 ) (-1152 -544 448 ) (-1120 -544 448 ) (-1120 -832 448 ) 
4 227 237 (-832 -544 384 ) (-832 -544 160 ) (-832 -640 160 ) (-832 -640 384 ) 
4 227 229 (-832 -640 256 ) (-832 -640 160 ) (-816 -640 160 ) (-816 -640 256 ) 
4 227 228 (-832 -640 384 ) (-832 -640 256 ) (-800 -640 256 ) (-800 -640 384 ) 
4 228 237 (-832 -832 256 ) (-832 -832 384 ) (-832 -640 384 ) (-832 -640 256 ) 
4 228 234 (-800 -832 256 ) (-832 -832 256 ) (-832 -736 256 ) (-800 -736 256 ) 
4 228 233 (-832 -736 256 ) (-832 -720 256 ) (-816 -720 256 ) (-816 -736 256 ) 
4 228 230 (-832 -720 256 ) (-832 -656 256 ) (-816 -656 256 ) (-816 -720 256 ) 
4 228 229 (-832 -656 256 ) (-832 -640 256 ) (-816 -640 256 ) (-816 -656 256 ) 
4 229 237 (-832 -640 160 ) (-832 -656 160 ) (-832 -656 256 ) (-832 -640 256 ) 
4 229 232 (-832 -656 160 ) (-816 -656 160 ) (-816 -656 240 ) (-832 -656 240 ) 
4 229 230 (-816 -656 240 ) (-816 -656 256 ) (-832 -656 256 ) (-832 -656 240 ) 
4 230 237 (-832 -720 240 ) (-832 -720 256 ) (-832 -656 256 ) (-832 -656 240 ) 
4 230 233 (-832 -720 256 ) (-832 -720 240 ) (-816 -720 240 ) (-816 -720 256 ) 
4 230 232 (-816 -720 240 ) (-832 -720 240 ) (-832 -656 240 ) (-816 -656 240 ) 
4 231 232 (-808 -656 160 ) (-808 -720 160 ) (-808 -720 240 ) (-808 -656 240 ) 
4 232 237 (-832 -656 160 ) (-832 -720 160 ) (-832 -720 240 ) (-832 -656 240 ) 
4 232 233 (-832 -720 240 ) (-832 -720 160 ) (-816 -720 160 ) (-816 -720 240 ) 
4 233 237 (-832 -720 160 ) (-832 -736 160 ) (-832 -736 256 ) (-832 -720 256 ) 
4 233 234 (-832 -736 160 ) (-816 -736 160 ) (-816 -736 256 ) (-832 -736 256 ) 
4 234 237 (-832 -736 160 ) (-832 -832 160 ) (-832 -832 256 ) (-832 -736 256 ) 
4 235 237 (-832 -544 160 ) (-832 -544 384 ) (-1120 -544 384 ) (-1120 -544 160 ) 
4 236 237 (-832 -832 384 ) (-1120 -832 384 ) (-1120 -544 384 ) (-832 -544 384 ) 
4 237 238 (-832 -832 160 ) (-832 -832 384 ) (-1120 -832 384 ) (-1120 -832 160 ) 
0 -1
1 -1
2 -1
3 -1
4 -1
5 -1
6 -1
7 -1
8 -1
9 -1
10 -1
11 -1
12 -1
13 -1
14 -1
15 -1
16 -1
17 -1
18 -1
19 -1
20 -1
21 -1
22 -1
23 -1
24 -1
25 -1
26 -1
27 -1
28 -1
29 -1
30 -1
31 -1
32 -1
33 -1
34 -1
35 -1
36 -1
37 -1
38 -1
39 -1
40 -1
41 -1
42 -1
43 -1
44 -1
45 -1
46 -1
47 -1
48 -1
49 -1
50 -1
51 -1
52 -1
53 -1
54 -1
55 -1
56 -1
57 -1
58 -1
59 -1
60 -1
61 -1
62 -1
63 -1
64 -1
65 -1
66 -1
67 -1
68 -1
69 -1
70 -1
71 -1
72 -1
73 -1
74 -1
75 -1
76 -1
77 -1
78 -1
79 -1
80 -1
81 -1
82 -1
83 -1
84 -1
85 -1
86 -1
87 -1
88 -1
89 -1
90 -1
91 -1
92 -1
93 -1
94 -1
95 -1
96 -1
97 -1
98 -1
99 -1
100 -1
101 -1
102 -1
103 -1
104 -1
105 -1
106 -1
107 -1
108 -1
109 -1
110 -1
111 -1
112 -1
113 -1
114 -1
115 -1
116 -1
117 -1
118 -1
119 -1
120 -1
121 -1
122 -1
123 -1
124 -1
125 -1
126 -1
127 -1
128 -1
129 -1
130 -1
131 -1
132 -1
133 -1
134 -1
135 -1
136 -1
137 138 139 140 141 142 -1
143 -1
144 -1
145 146 147 148 149 150 -1
151 -1
152 -1
153 -1
154 -1
155 156 157 158 159 160 -1
161 -1
162 163 164 165 166 167 -1
168 -1
169 -1
170 -1
171 172 173 174 175 176 -1
177 -1
178 179 180 181 182 183 -1
184 -1
185 -1
186 187 188 189 190 191 -1
192 -1
193 -1
194 195 196 197 198 199 -1
200 -1
201 -1
202 203 204 205 206 207 -1
208 -1
209 -1
210 -1
211 -1
212 -1
213 -1
214 -1
215 -1
216 217 218 219 220 221 -1
222 -1
223 -1
224 225 226 227 228 229 -1
230 -1
231 -1
232 233 234 235 236 237 -1
238 -1
239 -1
240 -1
241 -1
242 -1
243 -1
244 -1
245 -1
246 -1
247 -1
248 -1
249 -1
250 -1
251 -1
252 -1
253 -1
254 -1
255 -1
256 -1
257 -1
258 -1
259 -1
260 -1
261 -1
262 -1
263 -1
264 -1
265 -1
266 -1
267 -1
268 -1
269 -1
270 -1
271 -1
272 -1
273 -1
274 -1
275 -1
276 -1
277 -1
278 -1
279 -1
280 -1
281 -1
282 -1
283 -1
284 -1
285 -1
286 -1
287 -1
288 -1
289 -1
290 -1
291 -1
292 -1
293 -1
294 -1
295 -1
296 -1
297 -1
298 -1
