PRT1
20
36
4 1 4 (8 520 -128 ) (8 632 -128 ) (12 632 -128 ) (12 520 -128 ) 
4 1 3 (12 632 -128 ) (504 632 -128 ) (504 520 -128 ) (12 520 -128 ) 
4 2 7 (12 8 -128 ) (8 8 -128 ) (8 252 -128 ) (12 252 -128 ) 
4 2 5 (8 252 -128 ) (8 324 -128 ) (12 324 -128 ) (12 252 -128 ) 
4 2 4 (8 324 -128 ) (8 512 -128 ) (12 512 -128 ) (12 324 -128 ) 
4 2 3 (504 8 -128 ) (12 8 -128 ) (12 512 -128 ) (504 512 -128 ) 
4 3 7 (12 8 -128 ) (12 252 -128 ) (12 252 -248 ) (12 8 -248 ) 
4 3 6 (12 320 -244 ) (12 256 -244 ) (12 256 -160 ) (12 320 -160 ) 
4 3 5 (12 252 -128 ) (12 324 -128 ) (12 324 -156 ) (12 252 -156 ) 
4 3 4 (12 324 -128 ) (12 632 -128 ) (12 632 -248 ) (12 324 -248 ) 
4 4 5 (8 324 -128 ) (8 324 -156 ) (12 324 -156 ) (12 324 -128 ) 
4 5 7 (12 252 -156 ) (12 252 -128 ) (8 252 -128 ) (8 252 -156 ) 
4 6 8 (8 256 -160 ) (8 320 -160 ) (8 320 -244 ) (8 256 -244 ) 
4 8 12 (-8 256 -244 ) (-8 256 -160 ) (-8 320 -160 ) (-8 320 -244 ) 
4 10 14 (-12 8 -156 ) (-504 8 -156 ) (-504 632 -156 ) (-12 632 -156 ) 
4 10 13 (-8 8 -156 ) (-12 8 -156 ) (-12 252 -156 ) (-8 252 -156 ) 
4 10 11 (-12 324 -156 ) (-12 632 -156 ) (-8 632 -156 ) (-8 324 -156 ) 
4 11 19 (-12 324 -248 ) (-12 324 -228 ) (-12 632 -228 ) (-12 632 -248 ) 
4 11 15 (-12 628 -184 ) (-12 632 -184 ) (-12 632 -228 ) (-12 628 -228 ) 
4 11 18 (-12 324 -228 ) (-12 324 -184 ) (-12 628 -184 ) (-12 628 -228 ) 
4 11 14 (-12 324 -184 ) (-12 324 -156 ) (-12 632 -156 ) (-12 632 -184 ) 
4 12 19 (-12 320 -228 ) (-12 320 -244 ) (-12 256 -244 ) (-12 256 -228 ) 
4 12 18 (-12 320 -184 ) (-12 320 -228 ) (-12 256 -228 ) (-12 256 -184 ) 
4 12 14 (-12 256 -160 ) (-12 320 -160 ) (-12 320 -184 ) (-12 256 -184 ) 
4 13 19 (-12 8 -248 ) (-12 8 -228 ) (-12 252 -228 ) (-12 252 -248 ) 
4 13 18 (-12 8 -228 ) (-12 8 -184 ) (-12 252 -184 ) (-12 252 -228 ) 
4 13 14 (-12 8 -184 ) (-12 8 -156 ) (-12 252 -156 ) (-12 252 -184 ) 
4 14 17 (-504 632 -184 ) (-383 632 -184 ) (-383 628 -184 ) (-504 628 -184 ) 
4 14 15 (-326 632 -184 ) (-12 632 -184 ) (-12 628 -184 ) (-326 628 -184 ) 
4 14 18 (-12 628 -184 ) (-12 8 -184 ) (-504 8 -184 ) (-504 628 -184 ) 
4 15 19 (-326 632 -228 ) (-12 632 -228 ) (-12 628 -228 ) (-326 628 -228 ) 
4 15 18 (-12 628 -228 ) (-12 628 -184 ) (-326 628 -184 ) (-326 628 -228 ) 
4 16 18 (-380 628 -187 ) (-380 628 -225 ) (-329 628 -225 ) (-329 628 -187 ) 
4 17 19 (-504 628 -228 ) (-504 632 -228 ) (-383 632 -228 ) (-383 628 -228 ) 
4 17 18 (-383 628 -184 ) (-504 628 -184 ) (-504 628 -228 ) (-383 628 -228 ) 
4 18 19 (-12 8 -228 ) (-504 8 -228 ) (-504 628 -228 ) (-12 628 -228 ) 
