PRT1
48
151
4 0 14 (128 -75.646753 304 ) (128 75.646753 304 ) (152 85.587878 304 ) (152 -85.587878 304 ) 
4 0 18 (152 -88 304 ) (128 -88 304 ) (128 -75.646753 304 ) (152 -85.587878 304 ) 
4 0 13 (128 75.646753 304 ) (128 88 304 ) (152 88 304 ) (152 85.587878 304 ) 
3 0 6 (128 -32 304 ) (128 -64 304 ) (128 -64 336 ) 
3 0 5 (128 -64 400 ) (128 -64 432 ) (128 -32 432 ) 
3 0 4 (128 64 304 ) (128 32 304 ) (128 64 336 ) 
3 0 3 (128 32 432 ) (128 64 432 ) (128 64 400 ) 
4 0 2 (128 -64 432 ) (128 -64 456 ) (128 64 456 ) (128 64 432 ) 
4 0 1 (128 88 304 ) (128 64 304 ) (128 64 456 ) (128 88 456 ) 
4 0 11 (128 -64 304 ) (128 -88 304 ) (128 -88 456 ) (128 -64 456 ) 
4 1 46 (-128 64 304 ) (-128 88 304 ) (-59.078210 88 304 ) (-49.137085 64 304 ) 
4 1 21 (-59.078210 88 304 ) (-5.823376 88 304 ) (4.117749 64 304 ) (-49.137085 64 304 ) 
4 1 20 (-5.823376 88 304 ) (69.744877 88 304 ) (59.803752 64 304 ) (4.117749 64 304 ) 
3 1 14 (128 75.646753 304 ) (128 64 304 ) (99.882251 64 304 ) 
5 1 13 (69.744877 88 304 ) (128 88 304 ) (128 75.646753 304 ) (99.882251 64 304 ) (59.803752 64 304 ) 
3 1 7 (-96 64 432 ) (-128 64 432 ) (-128 64 400 ) 
3 1 8 (-128 64 304 ) (-96 64 304 ) (-128 64 336 ) 
3 1 4 (96 64 304 ) (128 64 304 ) (128 64 336 ) 
3 1 3 (128 64 400 ) (128 64 432 ) (96 64 432 ) 
4 1 2 (128 64 432 ) (128 64 456 ) (-128 64 456 ) (-128 64 432 ) 
4 1 12 (-128 88 456 ) (-128 88 304 ) (-128 64 304 ) (-128 64 456 ) 
3 2 7 (-128 32 432 ) (-128 64 432 ) (-96 64 432 ) 
3 2 5 (128 -64 432 ) (96 -64 432 ) (128 -32 432 ) 
3 2 9 (-96 -64 432 ) (-128 -64 432 ) (-128 -32 432 ) 
3 2 3 (96 64 432 ) (128 64 432 ) (128 32 432 ) 
4 2 12 (-128 -64 432 ) (-128 -64 456 ) (-128 64 456 ) (-128 64 432 ) 
4 2 11 (-128 -64 456 ) (-128 -64 432 ) (128 -64 432 ) (128 -64 456 ) 
4 4 14 (99.882251 64 304 ) (128 64 304 ) (128 32 304 ) (97.137085 62.862915 304 ) 
3 4 13 (96 64 304 ) (99.882251 64 304 ) (97.137085 62.862915 304 ) 
3 5 11 (128 -64 400 ) (128 -64 432 ) (96 -64 432 ) 
4 6 14 (128 -32 304 ) (128 -64 304 ) (99.882251 -64 304 ) (97.137085 -62.862915 304 ) 
3 6 18 (99.882251 -64 304 ) (96 -64 304 ) (97.137085 -62.862915 304 ) 
3 6 11 (96 -64 304 ) (128 -64 304 ) (128 -64 336 ) 
3 7 12 (-128 32 432 ) (-128 64 432 ) (-128 64 400 ) 
3 8 46 (-128 32 304 ) (-128 64 304 ) (-96 64 304 ) 
3 8 12 (-128 64 304 ) (-128 32 304 ) (-128 64 336 ) 
3 9 12 (-128 -64 400 ) (-128 -64 432 ) (-128 -32 432 ) 
3 9 11 (-128 -64 432 ) (-128 -64 400 ) (-96 -64 432 ) 
3 10 46 (-128 -64 304 ) (-128 -32 304 ) (-96 -64 304 ) 
3 10 12 (-128 -32 304 ) (-128 -64 304 ) (-128 -64 336 ) 
3 10 11 (-128 -64 336 ) (-128 -64 304 ) (-96 -64 304 ) 
4 11 45 (13.823376 -88 304 ) (-69.744877 -88 304 ) (-59.803752 -64 304 ) (3.882251 -64 304 ) 
4 11 46 (-69.744877 -88 304 ) (-128 -88 304 ) (-128 -64 304 ) (-59.803752 -64 304 ) 
3 11 40 (5.333333 -67.503223 304 ) (3.882251 -64 304 ) (6.784416 -64 304 ) 
3 11 14 (99.882251 -64 304 ) (128 -64 304 ) (128 -75.646753 304 ) 
6 11 18 (128 -88 304 ) (13.823376 -88 304 ) (5.333333 -67.503223 304 ) (6.784416 -64 304 ) (99.882251 -64 304 ) (128 -75.646753 304 ) 
4 11 12 (-128 -64 304 ) (-128 -88 304 ) (-128 -88 456 ) (-128 -64 456 ) 
4 12 46 (-128 -88 304 ) (-152 -88 304 ) (-152 88 304 ) (-128 88 304 ) 
4 13 30 (-12 25.656854 220.117749 ) (-16 16 220.117749 ) (0 22.627417 240 ) (-9.656854 26.627417 223.029437 ) 
3 13 28 (-11.313708 27.313708 220.117749 ) (-12 25.656854 220.117749 ) (-9.656854 26.627417 223.029437 ) 
4 13 21 (4 64.284271 220.117749 ) (-11.313708 27.313708 220.117749 ) (0 22.627417 240 ) (18.142136 30.142136 262.544156 ) 
5 13 20 (51.503223 43.960750 304 ) (69.744877 88 304 ) (13.823376 88 220.117749 ) (4 64.284271 220.117749 ) (18.142136 30.142136 262.544156 ) 
4 13 16 (11.313708 27.313708 254.058875 ) (0 22.627417 240 ) (0 22.627417 -16 ) (11.313708 27.313708 -16 ) 
5 13 14 (51.503223 43.960750 304 ) (11.313708 27.313708 254.058875 ) (11.313708 27.313708 -16 ) (152 85.587878 -16 ) (152 85.587878 304 ) 
4 13 19 (13.823376 88 220.117749 ) (13.823376 88 -16 ) (-16 16 -16 ) (-16 16 220.117749 ) 
4 13 47 (13.823376 88 -16 ) (152 88 -16 ) (152 85.587878 -16 ) (-16 16 -16 ) 
4 14 29 (30.627417 0 300 ) (25.656854 12 285.088312 ) (16 16 268.117749 ) (22.627417 0 288 ) 
4 14 27 (27.960750 -12.875806 304 ) (31.960750 -3.218951 304 ) (30.627417 0 300 ) (26.627417 -9.656854 300 ) 
3 14 26 (31.960750 -3.218951 304 ) (36.418278 7.542472 304 ) (25.656854 12 285.088312 ) 
3 14 24 (16 16 268.117749 ) (25.656854 12 285.088312 ) (21.656854 21.656854 273.088312 ) 
4 14 21 (18.142136 30.142136 262.544156 ) (11.313708 27.313708 254.058875 ) (16 16 268.117749 ) (21.656854 21.656854 273.088312 ) 
4 14 20 (36.418278 7.542472 304 ) (51.503223 43.960750 304 ) (18.142136 30.142136 262.544156 ) (25.656854 12 285.088312 ) 
4 14 16 (16 16 268.117749 ) (11.313708 27.313708 254.058875 ) (11.313708 27.313708 -16 ) (16 16 -16 ) 
4 14 15 (27.313708 -11.313708 302.058875 ) (22.627417 0 288 ) (22.627417 0 -16 ) (27.313708 -11.313708 -16 ) 
5 14 17 (27.960750 -12.875806 304 ) (27.313708 -11.313708 302.058875 ) (27.313708 -11.313708 -16 ) (38.627417 -38.627417 -16 ) (38.627417 -38.627417 304 ) 
4 14 18 (38.627417 -38.627417 -16 ) (152 -85.587878 -16 ) (152 -85.587878 304 ) (38.627417 -38.627417 304 ) 
4 14 47 (152 85.587878 -16 ) (152 -85.587878 -16 ) (38.627417 -38.627417 -16 ) (11.313708 27.313708 -16 ) 
3 15 27 (27.313708 -11.313708 302.058875 ) (26.627417 -9.656854 300 ) (25.656854 -12 300 ) 
4 15 17 (16 -16 -16 ) (27.313708 -11.313708 -16 ) (27.313708 -11.313708 302.058875 ) (16 -16 288 ) 
3 15 47 (22.627417 0 -16 ) (27.313708 -11.313708 -16 ) (16 -16 -16 ) 
3 16 21 (16 16 268.117749 ) (11.313708 27.313708 254.058875 ) (0 22.627417 240 ) 
3 16 47 (0 22.627417 -16 ) (11.313708 27.313708 -16 ) (16 16 -16 ) 
4 17 35 (16 -16 288 ) (0 -22.627417 268.117749 ) (9.656854 -26.627417 285.088312 ) (21.656854 -21.656854 300 ) 
5 17 27 (24.875806 -20.323521 304 ) (27.960750 -12.875806 304 ) (27.313708 -11.313708 302.058875 ) (25.656854 -12 300 ) (21.656854 -21.656854 300 ) 
3 17 36 (20.418278 -31.084945 304 ) (24.875806 -20.323521 304 ) (9.656854 -26.627417 285.088312 ) 
3 17 47 (38.627417 -38.627417 -16 ) (0 -22.627417 -16 ) (27.313708 -11.313708 -16 ) 
5 17 18 (0 -22.627417 -16 ) (38.627417 -38.627417 -16 ) (38.627417 -38.627417 304 ) (20.418278 -31.084945 304 ) (0 -22.627417 268.117749 ) 
4 18 45 (13.823376 -88 178.647620 ) (13.823376 -88 304 ) (5.333333 -67.503223 304 ) (-11.313708 -27.313708 254.058875 ) 
5 18 46 (-16 -16 -16 ) (13.823376 -88 -16 ) (13.823376 -88 178.647620 ) (-11.313708 -27.313708 254.058875 ) (-16 -16 240 ) 
3 18 40 (5.333333 -67.503223 304 ) (20.418278 -31.084945 304 ) (-16 -16 240 ) 
4 18 47 (152 -85.587878 -16 ) (152 -88 -16 ) (13.823376 -88 -16 ) (-16 -16 -16 ) 
4 19 46 (-59.078210 88 110.765369 ) (-59.078210 88 -16 ) (-22.627417 0 -16 ) (-22.627417 0 220.117749 ) 
3 19 34 (-38.627417 38.627417 172.117749 ) (-22.627417 0 220.117749 ) (-11.313708 27.313708 220.117749 ) 
5 19 21 (-5.823376 88 190.647620 ) (-59.078210 88 110.765369 ) (-38.627417 38.627417 172.117749 ) (-11.313708 27.313708 220.117749 ) (4 64.284271 220.117749 ) 
3 19 20 (13.823376 88 220.117749 ) (-5.823376 88 190.647620 ) (4 64.284271 220.117749 ) 
3 19 47 (-59.078210 88 -16 ) (13.823376 88 -16 ) (-22.627417 0 -16 ) 
3 20 26 (25.656854 12 285.088312 ) (36.418278 7.542472 304 ) (25.656854 12 304 ) 
3 20 25 (21.656854 21.656854 300 ) (25.656854 12 288 ) (25.656854 12 300 ) 
4 20 24 (21.656854 21.656854 300 ) (21.656854 21.656854 273.088312 ) (25.656854 12 285.088312 ) (25.656854 12 288 ) 
4 20 23 (21.656854 21.656854 304 ) (15.313708 36.970563 304 ) (15.313708 36.970563 300 ) (21.656854 21.656854 273.088312 ) 
3 20 22 (15.313708 36.970563 304 ) (14.370899 39.246705 304 ) (15.313708 36.970563 300 ) 
4 20 21 (14.370899 39.246705 304 ) (-5.823376 88 304 ) (-5.823376 88 190.647620 ) (21.656854 21.656854 273.088312 ) 
4 21 46 (-59.078210 88 304 ) (-59.078210 88 110.765369 ) (-38.627417 38.627417 172.117749 ) (-38.627417 38.627417 304 ) 
4 21 31 (-11.313708 27.313708 288 ) (-11.313708 27.313708 302.058875 ) (-12.875806 27.960750 304 ) (-20.418278 31.084945 304 ) 
5 21 34 (-38.627417 38.627417 304 ) (-38.627417 38.627417 172.117749 ) (-11.313708 27.313708 220.117749 ) (-11.313708 27.313708 288 ) (-20.418278 31.084945 304 ) 
4 21 30 (-9.656854 26.627417 223.029437 ) (0 22.627417 240 ) (0 22.627417 288 ) (-9.656854 26.627417 300 ) 
4 21 28 (-11.313708 27.313708 220.117749 ) (-9.656854 26.627417 223.029437 ) (-9.656854 26.627417 300 ) (-11.313708 27.313708 302.058875 ) 
4 21 24 (0 22.627417 288 ) (16 16 268.117749 ) (21.656854 21.656854 273.088312 ) (0 30.627417 300 ) 
3 21 23 (21.656854 21.656854 273.088312 ) (15.313708 36.970563 300 ) (0 30.627417 300 ) 
4 21 22 (-12.875806 27.960750 304 ) (-9.656854 26.627417 300 ) (15.313708 36.970563 300 ) (14.370899 39.246705 304 ) 
3 22 31 (-11.313708 27.313708 304 ) (-12.875806 27.960750 304 ) (-11.313708 27.313708 302.058875 ) 
4 22 28 (-9.656854 26.627417 304 ) (-11.313708 27.313708 304 ) (-11.313708 27.313708 302.058875 ) (-9.656854 26.627417 300 ) 
4 22 23 (15.313708 36.970563 300 ) (15.313708 36.970563 304 ) (0 30.627417 304 ) (0 30.627417 300 ) 
3 23 24 (0 30.627417 300 ) (21.656854 21.656854 273.088312 ) (21.656854 21.656854 300 ) 
4 24 29 (16 16 268.117749 ) (25.656854 12 285.088312 ) (25.656854 12 288 ) (16 16 288 ) 
3 24 25 (16 16 288 ) (25.656854 12 288 ) (21.656854 21.656854 300 ) 
3 25 29 (25.656854 12 288 ) (25.656854 12 300 ) (16 16 288 ) 
3 26 29 (25.656854 12 300 ) (25.656854 12 285.088312 ) (30.627417 0 300 ) 
3 26 27 (30.627417 0 300 ) (31.960750 -3.218951 304 ) (30.627417 0 304 ) 
3 27 36 (24.875806 -20.323521 304 ) (21.656854 -21.656854 304 ) (21.656854 -21.656854 300 ) 
4 28 31 (-12 25.656854 288 ) (-12 25.656854 304 ) (-11.313708 27.313708 304 ) (-11.313708 27.313708 288 ) 
4 28 34 (-11.313708 27.313708 220.117749 ) (-12 25.656854 220.117749 ) (-12 25.656854 288 ) (-11.313708 27.313708 288 ) 
4 28 30 (-9.656854 26.627417 223.029437 ) (-9.656854 26.627417 300 ) (-12 25.656854 300 ) (-12 25.656854 220.117749 ) 
3 30 32 (-16 16 288 ) (-12 25.656854 300 ) (-12 25.656854 288 ) 
4 30 34 (-12 25.656854 220.117749 ) (-16 16 220.117749 ) (-16 16 288 ) (-12 25.656854 288 ) 
3 31 32 (-12 25.656854 288 ) (-12 25.656854 300 ) (-21.656854 21.656854 300 ) 
3 31 33 (-21.656854 21.656854 304 ) (-24.875806 20.323521 304 ) (-21.656854 21.656854 300 ) 
4 31 34 (-20.418278 31.084945 304 ) (-11.313708 27.313708 288 ) (-12 25.656854 288 ) (-24.875806 20.323521 304 ) 
3 32 34 (-12 25.656854 288 ) (-16 16 288 ) (-21.656854 21.656854 300 ) 
3 33 44 (-26.627417 9.656854 304 ) (-27.960750 12.875806 304 ) (-26.627417 9.656854 300 ) 
4 33 34 (-26.627417 9.656854 300 ) (-27.960750 12.875806 304 ) (-24.875806 20.323521 304 ) (-21.656854 21.656854 300 ) 
5 34 46 (-38.627417 38.627417 172.117749 ) (-22.627417 0 220.117749 ) (-22.627417 0 288 ) (-27.960750 12.875806 304 ) (-38.627417 38.627417 304 ) 
4 35 40 (0 -22.627417 268.117749 ) (9.656854 -26.627417 285.088312 ) (9.656854 -26.627417 300 ) (0 -22.627417 288 ) 
3 35 36 (9.656854 -26.627417 300 ) (9.656854 -26.627417 285.088312 ) (21.656854 -21.656854 300 ) 
3 36 39 (12.875806 -27.960750 304 ) (9.656854 -26.627417 304 ) (9.656854 -26.627417 300 ) 
4 36 40 (9.656854 -26.627417 285.088312 ) (20.418278 -31.084945 304 ) (12.875806 -27.960750 304 ) (9.656854 -26.627417 300 ) 
3 37 45 (-10.666667 -28.875806 304 ) (-12 -25.656854 304 ) (-12 -25.656854 300 ) 
4 37 38 (0 -30.627417 300 ) (-3.218951 -31.960750 304 ) (-10.666667 -28.875806 304 ) (-12 -25.656854 300 ) 
3 37 39 (0 -30.627417 300 ) (0 -30.627417 304 ) (-3.218951 -31.960750 304 ) 
3 38 41 (-12 -25.656854 300 ) (-16 -16 288 ) (-12 -25.656854 288 ) 
4 38 42 (-16 -16 288 ) (-16 -16 268.117749 ) (-12 -25.656854 285.088312 ) (-12 -25.656854 288 ) 
5 38 45 (-8.485281 -34.142136 304 ) (-10.666667 -28.875806 304 ) (-12 -25.656854 300 ) (-12 -25.656854 285.088312 ) (-8.485281 -34.142136 300 ) 
4 38 39 (-8.485281 -34.142136 304 ) (-8.485281 -34.142136 300 ) (0 -30.627417 300 ) (-3.218951 -31.960750 304 ) 
4 38 40 (-16 -16 268.117749 ) (0 -22.627417 288 ) (0 -30.627417 300 ) (-8.485281 -34.142136 300 ) 
3 39 45 (-7.542472 -36.418278 304 ) (-8.485281 -34.142136 304 ) (-8.485281 -34.142136 300 ) 
4 39 40 (9.656854 -26.627417 300 ) (12.875806 -27.960750 304 ) (-7.542472 -36.418278 304 ) (-8.485281 -34.142136 300 ) 
3 40 42 (-12 -25.656854 285.088312 ) (-16 -16 268.117749 ) (-12 -25.656854 256.117749 ) 
5 40 45 (-11.313708 -27.313708 254.058875 ) (5.333333 -67.503223 304 ) (-7.542472 -36.418278 304 ) (-12 -25.656854 285.088312 ) (-12 -25.656854 256.117749 ) 
3 40 46 (-16 -16 240 ) (-11.313708 -27.313708 254.058875 ) (-16 -16 268.117749 ) 
3 41 42 (-16 -16 288 ) (-12 -25.656854 288 ) (-21.656854 -21.656854 300 ) 
3 41 45 (-12 -25.656854 288 ) (-12 -25.656854 300 ) (-21.656854 -21.656854 300 ) 
3 42 43 (-21.656854 -21.656854 273.088312 ) (-21.656854 -21.656854 300 ) (-30.627417 0 300 ) 
4 42 45 (-12 -25.656854 256.117749 ) (-12 -25.656854 288 ) (-21.656854 -21.656854 300 ) (-21.656854 -21.656854 273.088312 ) 
4 42 46 (-22.627417 0 288 ) (-12 -25.656854 256.117749 ) (-21.656854 -21.656854 273.088312 ) (-30.627417 0 300 ) 
4 43 44 (-30.627417 0 300 ) (-36.970563 -15.313708 300 ) (-36.970563 -15.313708 304 ) (-30.627417 0 304 ) 
3 43 46 (-21.656854 -21.656854 273.088312 ) (-36.970563 -15.313708 300 ) (-30.627417 0 300 ) 
4 43 45 (-21.656854 -21.656854 304 ) (-36.970563 -15.313708 304 ) (-36.970563 -15.313708 300 ) (-21.656854 -21.656854 273.088312 ) 
3 44 45 (-36.970563 -15.313708 304 ) (-39.246705 -14.370899 304 ) (-36.970563 -15.313708 300 ) 
4 44 46 (-27.960750 12.875806 304 ) (-26.627417 9.656854 300 ) (-36.970563 -15.313708 300 ) (-39.246705 -14.370899 304 ) 
4 45 46 (-12 -25.656854 256.117749 ) (13.823376 -88 178.647620 ) (-69.744877 -88 304 ) (-39.246705 -14.370899 304 ) 
4 46 47 (-152 -88 -16 ) (-152 88 -16 ) (-59.078210 88 -16 ) (13.823376 -88 -16 ) 
