---- light / ericw-tools  ----
Raytracing backend: Embree
running with 8 threads
LoadBSPFile: 'starttest.bsp'
BSP is version 29
SetQdirFromPath: no "maps" in '/home/lavender/starttest.bsp'--- ConvertTextures ---
--- LoadEntities ---
58 entities read, 12 are lights.
--- OptionsSummary ---
Embree_TraceInit: Embree version: 2.17.7
Embree_TraceInit:
	5 sky faces
	49 solid faces
	0 filtered faces
	0 shadow-casting skip faces
SetupLights: 12 initial lights
SetupLights: 12 after surface lights
SetupLights: 12 after jittering
--- EstimateLightVisibility ---
0....1....2....3....4....5....6....7....8....9
Final count: 12 lights, 0 suns in use.
--- LightWorld ---
--- LightThread ---
0....1....2....3....4....5....6....7....8....9....
Lighting Completed.

lightdatasize: 5212
0 switchable light styles (32 max)
Writing starttest.bsp as BSP version 29
0.009 seconds elapsed

stats:
4.123370 lights tested, 4.097638 hits per sample point
0.000000 surface lights tested, 0.000000 hits per sample point
0.000000 bounce lights tested, 0.000000 hits per sample point
0 empty lightmaps
